[DEBUG] [2023-08-22 18:38:20] CryptoMaterialConfig.<init>(137) | Load cryptoMaterial, caCertPath: /home/jojo/Documents/Code/Java/fiscoAPP/build/resources/test/conf/ca.crt, sdkCertPath: /home/jojo/Documents/Code/Java/fiscoAPP/build/resources/test/conf/sdk.crt, sdkPrivateKeyPath:/home/jojo/Documents/Code/Java/fiscoAPP/build/resources/test/conf/sdk.key, enSSLCertPath: null, enSSLPrivateKeyPath:null
[DEBUG] [2023-08-22 18:38:21] InternalLoggerFactory.useSlf4JLoggerFactory(63) | Using SLF4J as the default logging framework
[DEBUG] [2023-08-22 18:38:21] NetUtil.<clinit>(136) | -Djava.net.preferIPv4Stack: false
[DEBUG] [2023-08-22 18:38:21] NetUtil.<clinit>(137) | -Djava.net.preferIPv6Addresses: false
[DEBUG] [2023-08-22 18:38:21] NetUtilInitializations.determineLoopback(129) | Loopback interface: lo (lo, 0:0:0:0:0:0:0:1%lo)
[DEBUG] [2023-08-22 18:38:21] PlatformDependent0.explicitNoUnsafeCause0(495) | -Dio.netty.noUnsafe: false
[DEBUG] [2023-08-22 18:38:21] PlatformDependent0.javaVersion0(998) | Java version: 11
[DEBUG] [2023-08-22 18:38:21] PlatformDependent0.<clinit>(136) | sun.misc.Unsafe.theUnsafe: available
[DEBUG] [2023-08-22 18:38:21] PlatformDependent0.<clinit>(160) | sun.misc.Unsafe.copyMemory: available
[DEBUG] [2023-08-22 18:38:21] PlatformDependent0.<clinit>(192) | sun.misc.Unsafe.storeFence: available
[DEBUG] [2023-08-22 18:38:21] PlatformDependent0.<clinit>(235) | java.nio.Buffer.address: available
[DEBUG] [2023-08-22 18:38:21] PlatformDependent0.<clinit>(319) | direct buffer constructor: unavailable: Reflective setAccessible(true) disabled
[DEBUG] [2023-08-22 18:38:21] PlatformDependent0.<clinit>(384) | java.nio.Bits.unaligned: available, true
[DEBUG] [2023-08-22 18:38:21] PlatformDependent0.<clinit>(451) | jdk.internal.misc.Unsafe.allocateUninitializedArray(int): unavailable: class io.netty.util.internal.PlatformDependent0$7 cannot access class jdk.internal.misc.Unsafe (in module java.base) because module java.base does not export jdk.internal.misc to unnamed module @7331196b
[DEBUG] [2023-08-22 18:38:21] PlatformDependent0.<clinit>(481) | java.nio.DirectByteBuffer.<init>(long, int): unavailable
[DEBUG] [2023-08-22 18:38:21] PlatformDependent.unsafeUnavailabilityCause0(1120) | sun.misc.Unsafe: available
[DEBUG] [2023-08-22 18:38:21] PlatformDependent.estimateMaxDirectMemory(1231) | maxDirectMemory: 536870912 bytes (maybe)
[DEBUG] [2023-08-22 18:38:21] PlatformDependent.tmpdir0(1250) | -Dio.netty.tmpdir: /tmp (java.io.tmpdir)
[DEBUG] [2023-08-22 18:38:21] PlatformDependent.bitMode0(1329) | -Dio.netty.bitMode: 64 (sun.arch.data.model)
[DEBUG] [2023-08-22 18:38:21] PlatformDependent.<clinit>(178) | -Dio.netty.maxDirectMemory: -1 bytes
[DEBUG] [2023-08-22 18:38:21] PlatformDependent.<clinit>(185) | -Dio.netty.uninitializedArrayAllocationThreshold: -1
[DEBUG] [2023-08-22 18:38:21] CleanerJava9.<clinit>(71) | java.nio.ByteBuffer.cleaner(): available
[DEBUG] [2023-08-22 18:38:21] PlatformDependent.<clinit>(205) | -Dio.netty.noPreferDirect: false
[DEBUG] [2023-08-22 18:38:21] NetUtil$SoMaxConnAction.run(173) | /proc/sys/net/core/somaxconn: 4096
[DEBUG] [2023-08-22 18:38:21] ThreadPoolConfig.<init>(54) | Init ThreadPoolConfig, channelProcessorThreadSize: 16, receiptProcessorThreadSize: 16, maxBlockingQueueSize: 102400
[INFO] [2023-08-22 18:38:21] BcosSDK.build(58) | create BcosSDK, configPath: /home/jojo/Documents/Code/Java/fiscoAPP/build/resources/test/config-example.toml
[DEBUG] [2023-08-22 18:38:21] ResourceLeakDetector.<clinit>(129) | -Dio.netty.leakDetection.level: simple
[DEBUG] [2023-08-22 18:38:21] ResourceLeakDetector.<clinit>(130) | -Dio.netty.leakDetection.targetRecords: 4
[DEBUG] [2023-08-22 18:38:21] ResourceLeakDetectorFactory$DefaultResourceLeakDetectorFactory.newResourceLeakDetector(196) | Loaded default ResourceLeakDetector: io.netty.util.ResourceLeakDetector@dbd8e44
[DEBUG] [2023-08-22 18:38:21] PlatformDependent$Mpsc.<clinit>(971) | org.jctools-core.MpscChunkedArrayQueue: available
[DEBUG] [2023-08-22 18:38:21] InternalThreadLocalMap.<clinit>(86) | -Dio.netty.threadLocalMap.stringBuilder.initialSize: 1024
[DEBUG] [2023-08-22 18:38:21] InternalThreadLocalMap.<clinit>(89) | -Dio.netty.threadLocalMap.stringBuilder.maxSize: 4096
[INFO] [2023-08-22 18:38:21] ConnectionManager.<init>(88) |  all connections, size: 4, list: [ConnectionInfo{host='127.0.0.1', port=20200}, ConnectionInfo{host='127.0.0.1', port=20201}, ConnectionInfo{host='127.0.0.1', port=20202}, ConnectionInfo{host='127.0.0.1', port=20203}]
[INFO] [2023-08-22 18:38:21] NetworkImp.start(167) | 
* TRACE INFORMATION:
----------------------------
====> STEP1: try to connect nodes with ecdsa context...

[INFO] [2023-08-22 18:38:21] NetworkImp.start(174) | ====> <==== STEP1-1: Load certificates for ecdsa context success..., start connManager with ECDSA sslContext
[DEBUG] [2023-08-22 18:38:21] ConnectionManager.startConnect(99) |  start connect. 
[DEBUG] [2023-08-22 18:38:21] MultithreadEventLoopGroup.<clinit>(44) | -Dio.netty.eventLoopThreads: 32
[DEBUG] [2023-08-22 18:38:21] NioEventLoop.<clinit>(109) | -Dio.netty.noKeySetOptimization: false
[DEBUG] [2023-08-22 18:38:21] NioEventLoop.<clinit>(110) | -Dio.netty.selectorAutoRebuildThreshold: 512
[INFO] [2023-08-22 18:38:21] ConnectionManager.initSslContext(238) |  build ECDSA ssl context with configured certificates 
[DEBUG] [2023-08-22 18:38:21] AbstractByteBuf.<clinit>(63) | -Dio.netty.buffer.checkAccessible: true
[DEBUG] [2023-08-22 18:38:21] AbstractByteBuf.<clinit>(64) | -Dio.netty.buffer.checkBounds: true
[DEBUG] [2023-08-22 18:38:21] ResourceLeakDetectorFactory$DefaultResourceLeakDetectorFactory.newResourceLeakDetector(196) | Loaded default ResourceLeakDetector: io.netty.util.ResourceLeakDetector@6fefce9e
[DEBUG] [2023-08-22 18:38:21] PooledByteBufAllocator.<clinit>(157) | -Dio.netty.allocator.numHeapArenas: 21
[DEBUG] [2023-08-22 18:38:21] PooledByteBufAllocator.<clinit>(158) | -Dio.netty.allocator.numDirectArenas: 21
[DEBUG] [2023-08-22 18:38:21] PooledByteBufAllocator.<clinit>(160) | -Dio.netty.allocator.pageSize: 8192
[DEBUG] [2023-08-22 18:38:21] PooledByteBufAllocator.<clinit>(165) | -Dio.netty.allocator.maxOrder: 9
[DEBUG] [2023-08-22 18:38:21] PooledByteBufAllocator.<clinit>(169) | -Dio.netty.allocator.chunkSize: 4194304
[DEBUG] [2023-08-22 18:38:21] PooledByteBufAllocator.<clinit>(170) | -Dio.netty.allocator.smallCacheSize: 256
[DEBUG] [2023-08-22 18:38:21] PooledByteBufAllocator.<clinit>(171) | -Dio.netty.allocator.normalCacheSize: 64
[DEBUG] [2023-08-22 18:38:21] PooledByteBufAllocator.<clinit>(172) | -Dio.netty.allocator.maxCachedBufferCapacity: 32768
[DEBUG] [2023-08-22 18:38:21] PooledByteBufAllocator.<clinit>(173) | -Dio.netty.allocator.cacheTrimInterval: 8192
[DEBUG] [2023-08-22 18:38:21] PooledByteBufAllocator.<clinit>(174) | -Dio.netty.allocator.cacheTrimIntervalMillis: 0
[DEBUG] [2023-08-22 18:38:21] PooledByteBufAllocator.<clinit>(175) | -Dio.netty.allocator.useCacheForAllThreads: false
[DEBUG] [2023-08-22 18:38:21] PooledByteBufAllocator.<clinit>(176) | -Dio.netty.allocator.maxCachedByteBuffersPerChunk: 1023
[DEBUG] [2023-08-22 18:38:21] ByteBufUtil.<clinit>(87) | -Dio.netty.allocator.type: pooled
[DEBUG] [2023-08-22 18:38:21] ByteBufUtil.<clinit>(96) | -Dio.netty.threadLocalDirectBufferSize: 0
[DEBUG] [2023-08-22 18:38:21] ByteBufUtil.<clinit>(99) | -Dio.netty.maxThreadLocalCharBufferSize: 16384
[DEBUG] [2023-08-22 18:38:21] NativeLibraryLoader.<clinit>(78) | -Dio.netty.native.workdir: /tmp (io.netty.tmpdir)
[DEBUG] [2023-08-22 18:38:21] NativeLibraryLoader.<clinit>(83) | -Dio.netty.native.deleteLibAfterLoading: true
[DEBUG] [2023-08-22 18:38:21] NativeLibraryLoader.<clinit>(87) | -Dio.netty.native.tryPatchShadedId: true
[DEBUG] [2023-08-22 18:38:21] NativeLibraryLoader.<clinit>(91) | -Dio.netty.native.detectNativeLibraryDuplicates: true
[DEBUG] [2023-08-22 18:38:21] NativeLibraryLoader.loadLibrary(384) | Successfully loaded the library /tmp/libnetty_tcnative_linux_x86_6413072507126476560524.so
[DEBUG] [2023-08-22 18:38:21] NativeLibraryLoader.loadFirstAvailable(106) | Loaded library with name 'netty_tcnative_linux_x86_64'
[DEBUG] [2023-08-22 18:38:21] OpenSsl.<clinit>(159) | Initialize netty-tcnative using engine: 'default'
[DEBUG] [2023-08-22 18:38:21] OpenSsl.<clinit>(184) | netty-tcnative using native library: OpenSSL/TaSSL 1.0.2o  27 Mar 2018
[DEBUG] [2023-08-22 18:38:21] ResourceLeakDetectorFactory$DefaultResourceLeakDetectorFactory.newResourceLeakDetector(196) | Loaded default ResourceLeakDetector: io.netty.util.ResourceLeakDetector@622ef26a
[DEBUG] [2023-08-22 18:38:21] Recycler.<clinit>(85) | -Dio.netty.recycler.maxCapacityPerThread: 4096
[DEBUG] [2023-08-22 18:38:21] Recycler.<clinit>(86) | -Dio.netty.recycler.ratio: 8
[DEBUG] [2023-08-22 18:38:21] Recycler.<clinit>(87) | -Dio.netty.recycler.chunkSize: 32
[DEBUG] [2023-08-22 18:38:21] Recycler.<clinit>(88) | -Dio.netty.recycler.blocking: false
[DEBUG] [2023-08-22 18:38:21] CipherSuiteConverter.cacheFromOpenSsl(332) | Cipher suite mapping: TLS_ECDHE_RSA_WITH_AES_256_GCM_SHA384 => ECDHE-RSA-AES256-GCM-SHA384
[DEBUG] [2023-08-22 18:38:21] CipherSuiteConverter.cacheFromOpenSsl(333) | Cipher suite mapping: SSL_ECDHE_RSA_WITH_AES_256_GCM_SHA384 => ECDHE-RSA-AES256-GCM-SHA384
[DEBUG] [2023-08-22 18:38:21] CipherSuiteConverter.cacheFromOpenSsl(332) | Cipher suite mapping: TLS_ECDHE_ECDSA_WITH_AES_256_GCM_SHA384 => ECDHE-ECDSA-AES256-GCM-SHA384
[DEBUG] [2023-08-22 18:38:21] CipherSuiteConverter.cacheFromOpenSsl(333) | Cipher suite mapping: SSL_ECDHE_ECDSA_WITH_AES_256_GCM_SHA384 => ECDHE-ECDSA-AES256-GCM-SHA384
[DEBUG] [2023-08-22 18:38:21] CipherSuiteConverter.cacheFromOpenSsl(332) | Cipher suite mapping: TLS_ECDHE_RSA_WITH_AES_256_CBC_SHA384 => ECDHE-RSA-AES256-SHA384
[DEBUG] [2023-08-22 18:38:21] CipherSuiteConverter.cacheFromOpenSsl(333) | Cipher suite mapping: SSL_ECDHE_RSA_WITH_AES_256_CBC_SHA384 => ECDHE-RSA-AES256-SHA384
[DEBUG] [2023-08-22 18:38:21] CipherSuiteConverter.cacheFromOpenSsl(332) | Cipher suite mapping: TLS_ECDHE_ECDSA_WITH_AES_256_CBC_SHA384 => ECDHE-ECDSA-AES256-SHA384
[DEBUG] [2023-08-22 18:38:21] CipherSuiteConverter.cacheFromOpenSsl(333) | Cipher suite mapping: SSL_ECDHE_ECDSA_WITH_AES_256_CBC_SHA384 => ECDHE-ECDSA-AES256-SHA384
[DEBUG] [2023-08-22 18:38:21] CipherSuiteConverter.cacheFromOpenSsl(332) | Cipher suite mapping: TLS_ECDHE_RSA_WITH_AES_256_CBC_SHA => ECDHE-RSA-AES256-SHA
[DEBUG] [2023-08-22 18:38:21] CipherSuiteConverter.cacheFromOpenSsl(333) | Cipher suite mapping: SSL_ECDHE_RSA_WITH_AES_256_CBC_SHA => ECDHE-RSA-AES256-SHA
[DEBUG] [2023-08-22 18:38:21] CipherSuiteConverter.cacheFromOpenSsl(332) | Cipher suite mapping: TLS_ECDHE_ECDSA_WITH_AES_256_CBC_SHA => ECDHE-ECDSA-AES256-SHA
[DEBUG] [2023-08-22 18:38:21] CipherSuiteConverter.cacheFromOpenSsl(333) | Cipher suite mapping: SSL_ECDHE_ECDSA_WITH_AES_256_CBC_SHA => ECDHE-ECDSA-AES256-SHA
[DEBUG] [2023-08-22 18:38:21] CipherSuiteConverter.cacheFromOpenSsl(332) | Cipher suite mapping: TLS_SRP_DSS_WITH_AES_256_CBC_SHA => SRP-DSS-AES-256-CBC-SHA
[DEBUG] [2023-08-22 18:38:21] CipherSuiteConverter.cacheFromOpenSsl(333) | Cipher suite mapping: SSL_SRP_DSS_WITH_AES_256_CBC_SHA => SRP-DSS-AES-256-CBC-SHA
[DEBUG] [2023-08-22 18:38:21] CipherSuiteConverter.cacheFromOpenSsl(332) | Cipher suite mapping: TLS_SRP_RSA_WITH_AES_256_CBC_SHA => SRP-RSA-AES-256-CBC-SHA
[DEBUG] [2023-08-22 18:38:21] CipherSuiteConverter.cacheFromOpenSsl(333) | Cipher suite mapping: SSL_SRP_RSA_WITH_AES_256_CBC_SHA => SRP-RSA-AES-256-CBC-SHA
[DEBUG] [2023-08-22 18:38:21] CipherSuiteConverter.cacheFromOpenSsl(332) | Cipher suite mapping: TLS_SRP_WITH_AES_256_CBC_SHA => SRP-AES-256-CBC-SHA
[DEBUG] [2023-08-22 18:38:21] CipherSuiteConverter.cacheFromOpenSsl(333) | Cipher suite mapping: SSL_SRP_WITH_AES_256_CBC_SHA => SRP-AES-256-CBC-SHA
[DEBUG] [2023-08-22 18:38:21] CipherSuiteConverter.cacheFromOpenSsl(332) | Cipher suite mapping: TLS_RSA_WITH_DH_DSS_AES256_GCM_SHA384 => DH-DSS-AES256-GCM-SHA384
[DEBUG] [2023-08-22 18:38:21] CipherSuiteConverter.cacheFromOpenSsl(333) | Cipher suite mapping: SSL_RSA_WITH_DH_DSS_AES256_GCM_SHA384 => DH-DSS-AES256-GCM-SHA384
[DEBUG] [2023-08-22 18:38:21] CipherSuiteConverter.cacheFromOpenSsl(332) | Cipher suite mapping: TLS_DHE_DSS_WITH_AES_256_GCM_SHA384 => DHE-DSS-AES256-GCM-SHA384
[DEBUG] [2023-08-22 18:38:21] CipherSuiteConverter.cacheFromOpenSsl(333) | Cipher suite mapping: SSL_DHE_DSS_WITH_AES_256_GCM_SHA384 => DHE-DSS-AES256-GCM-SHA384
[DEBUG] [2023-08-22 18:38:21] CipherSuiteConverter.cacheFromOpenSsl(332) | Cipher suite mapping: TLS_RSA_WITH_DH_RSA_AES256_GCM_SHA384 => DH-RSA-AES256-GCM-SHA384
[DEBUG] [2023-08-22 18:38:21] CipherSuiteConverter.cacheFromOpenSsl(333) | Cipher suite mapping: SSL_RSA_WITH_DH_RSA_AES256_GCM_SHA384 => DH-RSA-AES256-GCM-SHA384
[DEBUG] [2023-08-22 18:38:21] CipherSuiteConverter.cacheFromOpenSsl(332) | Cipher suite mapping: TLS_DHE_RSA_WITH_AES_256_GCM_SHA384 => DHE-RSA-AES256-GCM-SHA384
[DEBUG] [2023-08-22 18:38:21] CipherSuiteConverter.cacheFromOpenSsl(333) | Cipher suite mapping: SSL_DHE_RSA_WITH_AES_256_GCM_SHA384 => DHE-RSA-AES256-GCM-SHA384
[DEBUG] [2023-08-22 18:38:21] CipherSuiteConverter.cacheFromOpenSsl(332) | Cipher suite mapping: TLS_DHE_RSA_WITH_AES_256_CBC_SHA256 => DHE-RSA-AES256-SHA256
[DEBUG] [2023-08-22 18:38:21] CipherSuiteConverter.cacheFromOpenSsl(333) | Cipher suite mapping: SSL_DHE_RSA_WITH_AES_256_CBC_SHA256 => DHE-RSA-AES256-SHA256
[DEBUG] [2023-08-22 18:38:21] CipherSuiteConverter.cacheFromOpenSsl(332) | Cipher suite mapping: TLS_DHE_DSS_WITH_AES_256_CBC_SHA256 => DHE-DSS-AES256-SHA256
[DEBUG] [2023-08-22 18:38:21] CipherSuiteConverter.cacheFromOpenSsl(333) | Cipher suite mapping: SSL_DHE_DSS_WITH_AES_256_CBC_SHA256 => DHE-DSS-AES256-SHA256
[DEBUG] [2023-08-22 18:38:21] CipherSuiteConverter.cacheFromOpenSsl(332) | Cipher suite mapping: TLS_RSA_WITH_DH_RSA_AES256_SHA256 => DH-RSA-AES256-SHA256
[DEBUG] [2023-08-22 18:38:21] CipherSuiteConverter.cacheFromOpenSsl(333) | Cipher suite mapping: SSL_RSA_WITH_DH_RSA_AES256_SHA256 => DH-RSA-AES256-SHA256
[DEBUG] [2023-08-22 18:38:21] CipherSuiteConverter.cacheFromOpenSsl(332) | Cipher suite mapping: TLS_RSA_WITH_DH_DSS_AES256_SHA256 => DH-DSS-AES256-SHA256
[DEBUG] [2023-08-22 18:38:21] CipherSuiteConverter.cacheFromOpenSsl(333) | Cipher suite mapping: SSL_RSA_WITH_DH_DSS_AES256_SHA256 => DH-DSS-AES256-SHA256
[DEBUG] [2023-08-22 18:38:21] CipherSuiteConverter.cacheFromOpenSsl(332) | Cipher suite mapping: TLS_DHE_RSA_WITH_AES_256_CBC_SHA => DHE-RSA-AES256-SHA
[DEBUG] [2023-08-22 18:38:21] CipherSuiteConverter.cacheFromOpenSsl(333) | Cipher suite mapping: SSL_DHE_RSA_WITH_AES_256_CBC_SHA => DHE-RSA-AES256-SHA
[DEBUG] [2023-08-22 18:38:21] CipherSuiteConverter.cacheFromOpenSsl(332) | Cipher suite mapping: TLS_DHE_DSS_WITH_AES_256_CBC_SHA => DHE-DSS-AES256-SHA
[DEBUG] [2023-08-22 18:38:21] CipherSuiteConverter.cacheFromOpenSsl(333) | Cipher suite mapping: SSL_DHE_DSS_WITH_AES_256_CBC_SHA => DHE-DSS-AES256-SHA
[DEBUG] [2023-08-22 18:38:21] CipherSuiteConverter.cacheFromOpenSsl(332) | Cipher suite mapping: TLS_RSA_WITH_DH_RSA_AES256_SHA => DH-RSA-AES256-SHA
[DEBUG] [2023-08-22 18:38:21] CipherSuiteConverter.cacheFromOpenSsl(333) | Cipher suite mapping: SSL_RSA_WITH_DH_RSA_AES256_SHA => DH-RSA-AES256-SHA
[DEBUG] [2023-08-22 18:38:21] CipherSuiteConverter.cacheFromOpenSsl(332) | Cipher suite mapping: TLS_RSA_WITH_DH_DSS_AES256_SHA => DH-DSS-AES256-SHA
[DEBUG] [2023-08-22 18:38:21] CipherSuiteConverter.cacheFromOpenSsl(333) | Cipher suite mapping: SSL_RSA_WITH_DH_DSS_AES256_SHA => DH-DSS-AES256-SHA
[DEBUG] [2023-08-22 18:38:21] CipherSuiteConverter.cacheFromOpenSsl(332) | Cipher suite mapping: TLS_DHE_RSA_WITH_CAMELLIA256_SHA => DHE-RSA-CAMELLIA256-SHA
[DEBUG] [2023-08-22 18:38:21] CipherSuiteConverter.cacheFromOpenSsl(333) | Cipher suite mapping: SSL_DHE_RSA_WITH_CAMELLIA256_SHA => DHE-RSA-CAMELLIA256-SHA
[DEBUG] [2023-08-22 18:38:21] CipherSuiteConverter.cacheFromOpenSsl(332) | Cipher suite mapping: TLS_DHE_DSS_WITH_CAMELLIA256_SHA => DHE-DSS-CAMELLIA256-SHA
[DEBUG] [2023-08-22 18:38:21] CipherSuiteConverter.cacheFromOpenSsl(333) | Cipher suite mapping: SSL_DHE_DSS_WITH_CAMELLIA256_SHA => DHE-DSS-CAMELLIA256-SHA
[DEBUG] [2023-08-22 18:38:21] CipherSuiteConverter.cacheFromOpenSsl(332) | Cipher suite mapping: TLS_RSA_WITH_DH_RSA_CAMELLIA256_SHA => DH-RSA-CAMELLIA256-SHA
[DEBUG] [2023-08-22 18:38:21] CipherSuiteConverter.cacheFromOpenSsl(333) | Cipher suite mapping: SSL_RSA_WITH_DH_RSA_CAMELLIA256_SHA => DH-RSA-CAMELLIA256-SHA
[DEBUG] [2023-08-22 18:38:21] CipherSuiteConverter.cacheFromOpenSsl(332) | Cipher suite mapping: TLS_RSA_WITH_DH_DSS_CAMELLIA256_SHA => DH-DSS-CAMELLIA256-SHA
[DEBUG] [2023-08-22 18:38:21] CipherSuiteConverter.cacheFromOpenSsl(333) | Cipher suite mapping: SSL_RSA_WITH_DH_DSS_CAMELLIA256_SHA => DH-DSS-CAMELLIA256-SHA
[DEBUG] [2023-08-22 18:38:21] CipherSuiteConverter.cacheFromOpenSsl(332) | Cipher suite mapping: TLS_ECDH_anon_WITH_AES_256_CBC_SHA => AECDH-AES256-SHA
[DEBUG] [2023-08-22 18:38:21] CipherSuiteConverter.cacheFromOpenSsl(333) | Cipher suite mapping: SSL_ECDH_anon_WITH_AES_256_CBC_SHA => AECDH-AES256-SHA
[DEBUG] [2023-08-22 18:38:21] CipherSuiteConverter.cacheFromOpenSsl(332) | Cipher suite mapping: TLS_DH_anon_WITH_AES_256_GCM_SHA384 => ADH-AES256-GCM-SHA384
[DEBUG] [2023-08-22 18:38:21] CipherSuiteConverter.cacheFromOpenSsl(333) | Cipher suite mapping: SSL_DH_anon_WITH_AES_256_GCM_SHA384 => ADH-AES256-GCM-SHA384
[DEBUG] [2023-08-22 18:38:21] CipherSuiteConverter.cacheFromOpenSsl(332) | Cipher suite mapping: TLS_DH_anon_WITH_AES_256_CBC_SHA256 => ADH-AES256-SHA256
[DEBUG] [2023-08-22 18:38:21] CipherSuiteConverter.cacheFromOpenSsl(333) | Cipher suite mapping: SSL_DH_anon_WITH_AES_256_CBC_SHA256 => ADH-AES256-SHA256
[DEBUG] [2023-08-22 18:38:21] CipherSuiteConverter.cacheFromOpenSsl(332) | Cipher suite mapping: TLS_DH_anon_WITH_AES_256_CBC_SHA => ADH-AES256-SHA
[DEBUG] [2023-08-22 18:38:21] CipherSuiteConverter.cacheFromOpenSsl(333) | Cipher suite mapping: SSL_DH_anon_WITH_AES_256_CBC_SHA => ADH-AES256-SHA
[DEBUG] [2023-08-22 18:38:21] CipherSuiteConverter.cacheFromOpenSsl(332) | Cipher suite mapping: TLS_DH_anon_WITH_CAMELLIA256_SHA => ADH-CAMELLIA256-SHA
[DEBUG] [2023-08-22 18:38:21] CipherSuiteConverter.cacheFromOpenSsl(333) | Cipher suite mapping: SSL_DH_anon_WITH_CAMELLIA256_SHA => ADH-CAMELLIA256-SHA
[DEBUG] [2023-08-22 18:38:21] CipherSuiteConverter.cacheFromOpenSsl(332) | Cipher suite mapping: TLS_ECDH_RSA_WITH_AES_256_GCM_SHA384 => ECDH-RSA-AES256-GCM-SHA384
[DEBUG] [2023-08-22 18:38:21] CipherSuiteConverter.cacheFromOpenSsl(333) | Cipher suite mapping: SSL_ECDH_RSA_WITH_AES_256_GCM_SHA384 => ECDH-RSA-AES256-GCM-SHA384
[DEBUG] [2023-08-22 18:38:21] CipherSuiteConverter.cacheFromOpenSsl(332) | Cipher suite mapping: TLS_ECDH_ECDSA_WITH_AES_256_GCM_SHA384 => ECDH-ECDSA-AES256-GCM-SHA384
[DEBUG] [2023-08-22 18:38:21] CipherSuiteConverter.cacheFromOpenSsl(333) | Cipher suite mapping: SSL_ECDH_ECDSA_WITH_AES_256_GCM_SHA384 => ECDH-ECDSA-AES256-GCM-SHA384
[DEBUG] [2023-08-22 18:38:21] CipherSuiteConverter.cacheFromOpenSsl(332) | Cipher suite mapping: TLS_ECDH_RSA_WITH_AES_256_CBC_SHA384 => ECDH-RSA-AES256-SHA384
[DEBUG] [2023-08-22 18:38:21] CipherSuiteConverter.cacheFromOpenSsl(333) | Cipher suite mapping: SSL_ECDH_RSA_WITH_AES_256_CBC_SHA384 => ECDH-RSA-AES256-SHA384
[DEBUG] [2023-08-22 18:38:21] CipherSuiteConverter.cacheFromOpenSsl(332) | Cipher suite mapping: TLS_ECDH_ECDSA_WITH_AES_256_CBC_SHA384 => ECDH-ECDSA-AES256-SHA384
[DEBUG] [2023-08-22 18:38:21] CipherSuiteConverter.cacheFromOpenSsl(333) | Cipher suite mapping: SSL_ECDH_ECDSA_WITH_AES_256_CBC_SHA384 => ECDH-ECDSA-AES256-SHA384
[DEBUG] [2023-08-22 18:38:21] CipherSuiteConverter.cacheFromOpenSsl(332) | Cipher suite mapping: TLS_ECDH_RSA_WITH_AES_256_CBC_SHA => ECDH-RSA-AES256-SHA
[DEBUG] [2023-08-22 18:38:21] CipherSuiteConverter.cacheFromOpenSsl(333) | Cipher suite mapping: SSL_ECDH_RSA_WITH_AES_256_CBC_SHA => ECDH-RSA-AES256-SHA
[DEBUG] [2023-08-22 18:38:21] CipherSuiteConverter.cacheFromOpenSsl(332) | Cipher suite mapping: TLS_ECDH_ECDSA_WITH_AES_256_CBC_SHA => ECDH-ECDSA-AES256-SHA
[DEBUG] [2023-08-22 18:38:21] CipherSuiteConverter.cacheFromOpenSsl(333) | Cipher suite mapping: SSL_ECDH_ECDSA_WITH_AES_256_CBC_SHA => ECDH-ECDSA-AES256-SHA
[DEBUG] [2023-08-22 18:38:21] CipherSuiteConverter.cacheFromOpenSsl(332) | Cipher suite mapping: TLS_RSA_WITH_AES_256_GCM_SHA384 => AES256-GCM-SHA384
[DEBUG] [2023-08-22 18:38:21] CipherSuiteConverter.cacheFromOpenSsl(333) | Cipher suite mapping: SSL_RSA_WITH_AES_256_GCM_SHA384 => AES256-GCM-SHA384
[DEBUG] [2023-08-22 18:38:21] CipherSuiteConverter.cacheFromOpenSsl(332) | Cipher suite mapping: TLS_RSA_WITH_AES_256_CBC_SHA256 => AES256-SHA256
[DEBUG] [2023-08-22 18:38:21] CipherSuiteConverter.cacheFromOpenSsl(333) | Cipher suite mapping: SSL_RSA_WITH_AES_256_CBC_SHA256 => AES256-SHA256
[DEBUG] [2023-08-22 18:38:21] CipherSuiteConverter.cacheFromOpenSsl(332) | Cipher suite mapping: TLS_RSA_WITH_AES_256_CBC_SHA => AES256-SHA
[DEBUG] [2023-08-22 18:38:21] CipherSuiteConverter.cacheFromOpenSsl(333) | Cipher suite mapping: SSL_RSA_WITH_AES_256_CBC_SHA => AES256-SHA
[DEBUG] [2023-08-22 18:38:21] CipherSuiteConverter.cacheFromOpenSsl(332) | Cipher suite mapping: TLS_RSA_WITH_CAMELLIA256_SHA => CAMELLIA256-SHA
[DEBUG] [2023-08-22 18:38:21] CipherSuiteConverter.cacheFromOpenSsl(333) | Cipher suite mapping: SSL_RSA_WITH_CAMELLIA256_SHA => CAMELLIA256-SHA
[DEBUG] [2023-08-22 18:38:21] CipherSuiteConverter.cacheFromOpenSsl(332) | Cipher suite mapping: TLS_PSK_WITH_AES_256_CBC_SHA => PSK-AES256-CBC-SHA
[DEBUG] [2023-08-22 18:38:21] CipherSuiteConverter.cacheFromOpenSsl(333) | Cipher suite mapping: SSL_PSK_WITH_AES_256_CBC_SHA => PSK-AES256-CBC-SHA
[DEBUG] [2023-08-22 18:38:21] CipherSuiteConverter.cacheFromOpenSsl(332) | Cipher suite mapping: TLS_ECDHE_RSA_WITH_AES_128_GCM_SHA256 => ECDHE-RSA-AES128-GCM-SHA256
[DEBUG] [2023-08-22 18:38:21] CipherSuiteConverter.cacheFromOpenSsl(333) | Cipher suite mapping: SSL_ECDHE_RSA_WITH_AES_128_GCM_SHA256 => ECDHE-RSA-AES128-GCM-SHA256
[DEBUG] [2023-08-22 18:38:21] CipherSuiteConverter.cacheFromOpenSsl(332) | Cipher suite mapping: TLS_ECDHE_ECDSA_WITH_AES_128_GCM_SHA256 => ECDHE-ECDSA-AES128-GCM-SHA256
[DEBUG] [2023-08-22 18:38:21] CipherSuiteConverter.cacheFromOpenSsl(333) | Cipher suite mapping: SSL_ECDHE_ECDSA_WITH_AES_128_GCM_SHA256 => ECDHE-ECDSA-AES128-GCM-SHA256
[DEBUG] [2023-08-22 18:38:21] CipherSuiteConverter.cacheFromOpenSsl(332) | Cipher suite mapping: TLS_ECDHE_RSA_WITH_AES_128_CBC_SHA256 => ECDHE-RSA-AES128-SHA256
[DEBUG] [2023-08-22 18:38:21] CipherSuiteConverter.cacheFromOpenSsl(333) | Cipher suite mapping: SSL_ECDHE_RSA_WITH_AES_128_CBC_SHA256 => ECDHE-RSA-AES128-SHA256
[DEBUG] [2023-08-22 18:38:21] CipherSuiteConverter.cacheFromOpenSsl(332) | Cipher suite mapping: TLS_ECDHE_ECDSA_WITH_AES_128_CBC_SHA256 => ECDHE-ECDSA-AES128-SHA256
[DEBUG] [2023-08-22 18:38:21] CipherSuiteConverter.cacheFromOpenSsl(333) | Cipher suite mapping: SSL_ECDHE_ECDSA_WITH_AES_128_CBC_SHA256 => ECDHE-ECDSA-AES128-SHA256
[DEBUG] [2023-08-22 18:38:21] CipherSuiteConverter.cacheFromOpenSsl(332) | Cipher suite mapping: TLS_ECDHE_RSA_WITH_AES_128_CBC_SHA => ECDHE-RSA-AES128-SHA
[DEBUG] [2023-08-22 18:38:21] CipherSuiteConverter.cacheFromOpenSsl(333) | Cipher suite mapping: SSL_ECDHE_RSA_WITH_AES_128_CBC_SHA => ECDHE-RSA-AES128-SHA
[DEBUG] [2023-08-22 18:38:21] CipherSuiteConverter.cacheFromOpenSsl(332) | Cipher suite mapping: TLS_ECDHE_ECDSA_WITH_AES_128_CBC_SHA => ECDHE-ECDSA-AES128-SHA
[DEBUG] [2023-08-22 18:38:21] CipherSuiteConverter.cacheFromOpenSsl(333) | Cipher suite mapping: SSL_ECDHE_ECDSA_WITH_AES_128_CBC_SHA => ECDHE-ECDSA-AES128-SHA
[DEBUG] [2023-08-22 18:38:21] CipherSuiteConverter.cacheFromOpenSsl(332) | Cipher suite mapping: TLS_SRP_DSS_WITH_AES_128_CBC_SHA => SRP-DSS-AES-128-CBC-SHA
[DEBUG] [2023-08-22 18:38:21] CipherSuiteConverter.cacheFromOpenSsl(333) | Cipher suite mapping: SSL_SRP_DSS_WITH_AES_128_CBC_SHA => SRP-DSS-AES-128-CBC-SHA
[DEBUG] [2023-08-22 18:38:21] CipherSuiteConverter.cacheFromOpenSsl(332) | Cipher suite mapping: TLS_SRP_RSA_WITH_AES_128_CBC_SHA => SRP-RSA-AES-128-CBC-SHA
[DEBUG] [2023-08-22 18:38:21] CipherSuiteConverter.cacheFromOpenSsl(333) | Cipher suite mapping: SSL_SRP_RSA_WITH_AES_128_CBC_SHA => SRP-RSA-AES-128-CBC-SHA
[DEBUG] [2023-08-22 18:38:21] CipherSuiteConverter.cacheFromOpenSsl(332) | Cipher suite mapping: TLS_SRP_WITH_AES_128_CBC_SHA => SRP-AES-128-CBC-SHA
[DEBUG] [2023-08-22 18:38:21] CipherSuiteConverter.cacheFromOpenSsl(333) | Cipher suite mapping: SSL_SRP_WITH_AES_128_CBC_SHA => SRP-AES-128-CBC-SHA
[DEBUG] [2023-08-22 18:38:21] CipherSuiteConverter.cacheFromOpenSsl(332) | Cipher suite mapping: TLS_RSA_WITH_DH_DSS_AES128_GCM_SHA256 => DH-DSS-AES128-GCM-SHA256
[DEBUG] [2023-08-22 18:38:21] CipherSuiteConverter.cacheFromOpenSsl(333) | Cipher suite mapping: SSL_RSA_WITH_DH_DSS_AES128_GCM_SHA256 => DH-DSS-AES128-GCM-SHA256
[DEBUG] [2023-08-22 18:38:21] CipherSuiteConverter.cacheFromOpenSsl(332) | Cipher suite mapping: TLS_DHE_DSS_WITH_AES_128_GCM_SHA256 => DHE-DSS-AES128-GCM-SHA256
[DEBUG] [2023-08-22 18:38:21] CipherSuiteConverter.cacheFromOpenSsl(333) | Cipher suite mapping: SSL_DHE_DSS_WITH_AES_128_GCM_SHA256 => DHE-DSS-AES128-GCM-SHA256
[DEBUG] [2023-08-22 18:38:21] CipherSuiteConverter.cacheFromOpenSsl(332) | Cipher suite mapping: TLS_RSA_WITH_DH_RSA_AES128_GCM_SHA256 => DH-RSA-AES128-GCM-SHA256
[DEBUG] [2023-08-22 18:38:21] CipherSuiteConverter.cacheFromOpenSsl(333) | Cipher suite mapping: SSL_RSA_WITH_DH_RSA_AES128_GCM_SHA256 => DH-RSA-AES128-GCM-SHA256
[DEBUG] [2023-08-22 18:38:21] CipherSuiteConverter.cacheFromOpenSsl(332) | Cipher suite mapping: TLS_DHE_RSA_WITH_AES_128_GCM_SHA256 => DHE-RSA-AES128-GCM-SHA256
[DEBUG] [2023-08-22 18:38:21] CipherSuiteConverter.cacheFromOpenSsl(333) | Cipher suite mapping: SSL_DHE_RSA_WITH_AES_128_GCM_SHA256 => DHE-RSA-AES128-GCM-SHA256
[DEBUG] [2023-08-22 18:38:21] CipherSuiteConverter.cacheFromOpenSsl(332) | Cipher suite mapping: TLS_DHE_RSA_WITH_AES_128_CBC_SHA256 => DHE-RSA-AES128-SHA256
[DEBUG] [2023-08-22 18:38:21] CipherSuiteConverter.cacheFromOpenSsl(333) | Cipher suite mapping: SSL_DHE_RSA_WITH_AES_128_CBC_SHA256 => DHE-RSA-AES128-SHA256
[DEBUG] [2023-08-22 18:38:21] CipherSuiteConverter.cacheFromOpenSsl(332) | Cipher suite mapping: TLS_DHE_DSS_WITH_AES_128_CBC_SHA256 => DHE-DSS-AES128-SHA256
[DEBUG] [2023-08-22 18:38:21] CipherSuiteConverter.cacheFromOpenSsl(333) | Cipher suite mapping: SSL_DHE_DSS_WITH_AES_128_CBC_SHA256 => DHE-DSS-AES128-SHA256
[DEBUG] [2023-08-22 18:38:21] CipherSuiteConverter.cacheFromOpenSsl(332) | Cipher suite mapping: TLS_RSA_WITH_DH_RSA_AES128_SHA256 => DH-RSA-AES128-SHA256
[DEBUG] [2023-08-22 18:38:21] CipherSuiteConverter.cacheFromOpenSsl(333) | Cipher suite mapping: SSL_RSA_WITH_DH_RSA_AES128_SHA256 => DH-RSA-AES128-SHA256
[DEBUG] [2023-08-22 18:38:21] CipherSuiteConverter.cacheFromOpenSsl(332) | Cipher suite mapping: TLS_RSA_WITH_DH_DSS_AES128_SHA256 => DH-DSS-AES128-SHA256
[DEBUG] [2023-08-22 18:38:21] CipherSuiteConverter.cacheFromOpenSsl(333) | Cipher suite mapping: SSL_RSA_WITH_DH_DSS_AES128_SHA256 => DH-DSS-AES128-SHA256
[DEBUG] [2023-08-22 18:38:21] CipherSuiteConverter.cacheFromOpenSsl(332) | Cipher suite mapping: TLS_DHE_RSA_WITH_AES_128_CBC_SHA => DHE-RSA-AES128-SHA
[DEBUG] [2023-08-22 18:38:21] CipherSuiteConverter.cacheFromOpenSsl(333) | Cipher suite mapping: SSL_DHE_RSA_WITH_AES_128_CBC_SHA => DHE-RSA-AES128-SHA
[DEBUG] [2023-08-22 18:38:21] CipherSuiteConverter.cacheFromOpenSsl(332) | Cipher suite mapping: TLS_DHE_DSS_WITH_AES_128_CBC_SHA => DHE-DSS-AES128-SHA
[DEBUG] [2023-08-22 18:38:21] CipherSuiteConverter.cacheFromOpenSsl(333) | Cipher suite mapping: SSL_DHE_DSS_WITH_AES_128_CBC_SHA => DHE-DSS-AES128-SHA
[DEBUG] [2023-08-22 18:38:21] CipherSuiteConverter.cacheFromOpenSsl(332) | Cipher suite mapping: TLS_RSA_WITH_DH_RSA_AES128_SHA => DH-RSA-AES128-SHA
[DEBUG] [2023-08-22 18:38:21] CipherSuiteConverter.cacheFromOpenSsl(333) | Cipher suite mapping: SSL_RSA_WITH_DH_RSA_AES128_SHA => DH-RSA-AES128-SHA
[DEBUG] [2023-08-22 18:38:21] CipherSuiteConverter.cacheFromOpenSsl(332) | Cipher suite mapping: TLS_RSA_WITH_DH_DSS_AES128_SHA => DH-DSS-AES128-SHA
[DEBUG] [2023-08-22 18:38:21] CipherSuiteConverter.cacheFromOpenSsl(333) | Cipher suite mapping: SSL_RSA_WITH_DH_DSS_AES128_SHA => DH-DSS-AES128-SHA
[DEBUG] [2023-08-22 18:38:21] CipherSuiteConverter.cacheFromOpenSsl(332) | Cipher suite mapping: TLS_RSA_WITH_ECC_SM4_SM3 => ECC-SM4-SM3
[DEBUG] [2023-08-22 18:38:21] CipherSuiteConverter.cacheFromOpenSsl(333) | Cipher suite mapping: SSL_RSA_WITH_ECC_SM4_SM3 => ECC-SM4-SM3
[DEBUG] [2023-08-22 18:38:21] CipherSuiteConverter.cacheFromOpenSsl(332) | Cipher suite mapping: TLS_RSA_WITH_ECDHE_SM4_SM3 => ECDHE-SM4-SM3
[DEBUG] [2023-08-22 18:38:21] CipherSuiteConverter.cacheFromOpenSsl(333) | Cipher suite mapping: SSL_RSA_WITH_ECDHE_SM4_SM3 => ECDHE-SM4-SM3
[DEBUG] [2023-08-22 18:38:21] CipherSuiteConverter.cacheFromOpenSsl(332) | Cipher suite mapping: TLS_DHE_RSA_WITH_SEED_SHA => DHE-RSA-SEED-SHA
[DEBUG] [2023-08-22 18:38:21] CipherSuiteConverter.cacheFromOpenSsl(333) | Cipher suite mapping: SSL_DHE_RSA_WITH_SEED_SHA => DHE-RSA-SEED-SHA
[DEBUG] [2023-08-22 18:38:21] CipherSuiteConverter.cacheFromOpenSsl(332) | Cipher suite mapping: TLS_DHE_DSS_WITH_SEED_SHA => DHE-DSS-SEED-SHA
[DEBUG] [2023-08-22 18:38:21] CipherSuiteConverter.cacheFromOpenSsl(333) | Cipher suite mapping: SSL_DHE_DSS_WITH_SEED_SHA => DHE-DSS-SEED-SHA
[DEBUG] [2023-08-22 18:38:21] CipherSuiteConverter.cacheFromOpenSsl(332) | Cipher suite mapping: TLS_RSA_WITH_DH_RSA_SEED_SHA => DH-RSA-SEED-SHA
[DEBUG] [2023-08-22 18:38:21] CipherSuiteConverter.cacheFromOpenSsl(333) | Cipher suite mapping: SSL_RSA_WITH_DH_RSA_SEED_SHA => DH-RSA-SEED-SHA
[DEBUG] [2023-08-22 18:38:21] CipherSuiteConverter.cacheFromOpenSsl(332) | Cipher suite mapping: TLS_RSA_WITH_DH_DSS_SEED_SHA => DH-DSS-SEED-SHA
[DEBUG] [2023-08-22 18:38:21] CipherSuiteConverter.cacheFromOpenSsl(333) | Cipher suite mapping: SSL_RSA_WITH_DH_DSS_SEED_SHA => DH-DSS-SEED-SHA
[DEBUG] [2023-08-22 18:38:21] CipherSuiteConverter.cacheFromOpenSsl(332) | Cipher suite mapping: TLS_DHE_RSA_WITH_CAMELLIA128_SHA => DHE-RSA-CAMELLIA128-SHA
[DEBUG] [2023-08-22 18:38:21] CipherSuiteConverter.cacheFromOpenSsl(333) | Cipher suite mapping: SSL_DHE_RSA_WITH_CAMELLIA128_SHA => DHE-RSA-CAMELLIA128-SHA
[DEBUG] [2023-08-22 18:38:21] CipherSuiteConverter.cacheFromOpenSsl(332) | Cipher suite mapping: TLS_DHE_DSS_WITH_CAMELLIA128_SHA => DHE-DSS-CAMELLIA128-SHA
[DEBUG] [2023-08-22 18:38:21] CipherSuiteConverter.cacheFromOpenSsl(333) | Cipher suite mapping: SSL_DHE_DSS_WITH_CAMELLIA128_SHA => DHE-DSS-CAMELLIA128-SHA
[DEBUG] [2023-08-22 18:38:21] CipherSuiteConverter.cacheFromOpenSsl(332) | Cipher suite mapping: TLS_RSA_WITH_DH_RSA_CAMELLIA128_SHA => DH-RSA-CAMELLIA128-SHA
[DEBUG] [2023-08-22 18:38:21] CipherSuiteConverter.cacheFromOpenSsl(333) | Cipher suite mapping: SSL_RSA_WITH_DH_RSA_CAMELLIA128_SHA => DH-RSA-CAMELLIA128-SHA
[DEBUG] [2023-08-22 18:38:21] CipherSuiteConverter.cacheFromOpenSsl(332) | Cipher suite mapping: TLS_RSA_WITH_DH_DSS_CAMELLIA128_SHA => DH-DSS-CAMELLIA128-SHA
[DEBUG] [2023-08-22 18:38:21] CipherSuiteConverter.cacheFromOpenSsl(333) | Cipher suite mapping: SSL_RSA_WITH_DH_DSS_CAMELLIA128_SHA => DH-DSS-CAMELLIA128-SHA
[DEBUG] [2023-08-22 18:38:21] CipherSuiteConverter.cacheFromOpenSsl(332) | Cipher suite mapping: TLS_ECDH_anon_WITH_AES_128_CBC_SHA => AECDH-AES128-SHA
[DEBUG] [2023-08-22 18:38:21] CipherSuiteConverter.cacheFromOpenSsl(333) | Cipher suite mapping: SSL_ECDH_anon_WITH_AES_128_CBC_SHA => AECDH-AES128-SHA
[DEBUG] [2023-08-22 18:38:21] CipherSuiteConverter.cacheFromOpenSsl(332) | Cipher suite mapping: TLS_DH_anon_WITH_AES_128_GCM_SHA256 => ADH-AES128-GCM-SHA256
[DEBUG] [2023-08-22 18:38:21] CipherSuiteConverter.cacheFromOpenSsl(333) | Cipher suite mapping: SSL_DH_anon_WITH_AES_128_GCM_SHA256 => ADH-AES128-GCM-SHA256
[DEBUG] [2023-08-22 18:38:21] CipherSuiteConverter.cacheFromOpenSsl(332) | Cipher suite mapping: TLS_DH_anon_WITH_AES_128_CBC_SHA256 => ADH-AES128-SHA256
[DEBUG] [2023-08-22 18:38:21] CipherSuiteConverter.cacheFromOpenSsl(333) | Cipher suite mapping: SSL_DH_anon_WITH_AES_128_CBC_SHA256 => ADH-AES128-SHA256
[DEBUG] [2023-08-22 18:38:21] CipherSuiteConverter.cacheFromOpenSsl(332) | Cipher suite mapping: TLS_DH_anon_WITH_AES_128_CBC_SHA => ADH-AES128-SHA
[DEBUG] [2023-08-22 18:38:21] CipherSuiteConverter.cacheFromOpenSsl(333) | Cipher suite mapping: SSL_DH_anon_WITH_AES_128_CBC_SHA => ADH-AES128-SHA
[DEBUG] [2023-08-22 18:38:21] CipherSuiteConverter.cacheFromOpenSsl(332) | Cipher suite mapping: TLS_DH_anon_WITH_SEED_SHA => ADH-SEED-SHA
[DEBUG] [2023-08-22 18:38:21] CipherSuiteConverter.cacheFromOpenSsl(333) | Cipher suite mapping: SSL_DH_anon_WITH_SEED_SHA => ADH-SEED-SHA
[DEBUG] [2023-08-22 18:38:21] CipherSuiteConverter.cacheFromOpenSsl(332) | Cipher suite mapping: TLS_DH_anon_WITH_CAMELLIA128_SHA => ADH-CAMELLIA128-SHA
[DEBUG] [2023-08-22 18:38:21] CipherSuiteConverter.cacheFromOpenSsl(333) | Cipher suite mapping: SSL_DH_anon_WITH_CAMELLIA128_SHA => ADH-CAMELLIA128-SHA
[DEBUG] [2023-08-22 18:38:21] CipherSuiteConverter.cacheFromOpenSsl(332) | Cipher suite mapping: TLS_ECDH_RSA_WITH_AES_128_GCM_SHA256 => ECDH-RSA-AES128-GCM-SHA256
[DEBUG] [2023-08-22 18:38:21] CipherSuiteConverter.cacheFromOpenSsl(333) | Cipher suite mapping: SSL_ECDH_RSA_WITH_AES_128_GCM_SHA256 => ECDH-RSA-AES128-GCM-SHA256
[DEBUG] [2023-08-22 18:38:21] CipherSuiteConverter.cacheFromOpenSsl(332) | Cipher suite mapping: TLS_ECDH_ECDSA_WITH_AES_128_GCM_SHA256 => ECDH-ECDSA-AES128-GCM-SHA256
[DEBUG] [2023-08-22 18:38:21] CipherSuiteConverter.cacheFromOpenSsl(333) | Cipher suite mapping: SSL_ECDH_ECDSA_WITH_AES_128_GCM_SHA256 => ECDH-ECDSA-AES128-GCM-SHA256
[DEBUG] [2023-08-22 18:38:21] CipherSuiteConverter.cacheFromOpenSsl(332) | Cipher suite mapping: TLS_ECDH_RSA_WITH_AES_128_CBC_SHA256 => ECDH-RSA-AES128-SHA256
[DEBUG] [2023-08-22 18:38:21] CipherSuiteConverter.cacheFromOpenSsl(333) | Cipher suite mapping: SSL_ECDH_RSA_WITH_AES_128_CBC_SHA256 => ECDH-RSA-AES128-SHA256
[DEBUG] [2023-08-22 18:38:21] CipherSuiteConverter.cacheFromOpenSsl(332) | Cipher suite mapping: TLS_ECDH_ECDSA_WITH_AES_128_CBC_SHA256 => ECDH-ECDSA-AES128-SHA256
[DEBUG] [2023-08-22 18:38:21] CipherSuiteConverter.cacheFromOpenSsl(333) | Cipher suite mapping: SSL_ECDH_ECDSA_WITH_AES_128_CBC_SHA256 => ECDH-ECDSA-AES128-SHA256
[DEBUG] [2023-08-22 18:38:21] CipherSuiteConverter.cacheFromOpenSsl(332) | Cipher suite mapping: TLS_ECDH_RSA_WITH_AES_128_CBC_SHA => ECDH-RSA-AES128-SHA
[DEBUG] [2023-08-22 18:38:21] CipherSuiteConverter.cacheFromOpenSsl(333) | Cipher suite mapping: SSL_ECDH_RSA_WITH_AES_128_CBC_SHA => ECDH-RSA-AES128-SHA
[DEBUG] [2023-08-22 18:38:21] CipherSuiteConverter.cacheFromOpenSsl(332) | Cipher suite mapping: TLS_ECDH_ECDSA_WITH_AES_128_CBC_SHA => ECDH-ECDSA-AES128-SHA
[DEBUG] [2023-08-22 18:38:21] CipherSuiteConverter.cacheFromOpenSsl(333) | Cipher suite mapping: SSL_ECDH_ECDSA_WITH_AES_128_CBC_SHA => ECDH-ECDSA-AES128-SHA
[DEBUG] [2023-08-22 18:38:21] CipherSuiteConverter.cacheFromOpenSsl(332) | Cipher suite mapping: TLS_RSA_WITH_AES_128_GCM_SHA256 => AES128-GCM-SHA256
[DEBUG] [2023-08-22 18:38:21] CipherSuiteConverter.cacheFromOpenSsl(333) | Cipher suite mapping: SSL_RSA_WITH_AES_128_GCM_SHA256 => AES128-GCM-SHA256
[DEBUG] [2023-08-22 18:38:21] CipherSuiteConverter.cacheFromOpenSsl(332) | Cipher suite mapping: TLS_RSA_WITH_AES_128_CBC_SHA256 => AES128-SHA256
[DEBUG] [2023-08-22 18:38:21] CipherSuiteConverter.cacheFromOpenSsl(333) | Cipher suite mapping: SSL_RSA_WITH_AES_128_CBC_SHA256 => AES128-SHA256
[DEBUG] [2023-08-22 18:38:21] CipherSuiteConverter.cacheFromOpenSsl(332) | Cipher suite mapping: TLS_RSA_WITH_AES_128_CBC_SHA => AES128-SHA
[DEBUG] [2023-08-22 18:38:21] CipherSuiteConverter.cacheFromOpenSsl(333) | Cipher suite mapping: SSL_RSA_WITH_AES_128_CBC_SHA => AES128-SHA
[DEBUG] [2023-08-22 18:38:21] CipherSuiteConverter.cacheFromOpenSsl(332) | Cipher suite mapping: TLS_RSA_WITH_SEED_SHA => SEED-SHA
[DEBUG] [2023-08-22 18:38:21] CipherSuiteConverter.cacheFromOpenSsl(333) | Cipher suite mapping: SSL_RSA_WITH_SEED_SHA => SEED-SHA
[DEBUG] [2023-08-22 18:38:21] CipherSuiteConverter.cacheFromOpenSsl(332) | Cipher suite mapping: TLS_RSA_WITH_CAMELLIA128_SHA => CAMELLIA128-SHA
[DEBUG] [2023-08-22 18:38:21] CipherSuiteConverter.cacheFromOpenSsl(333) | Cipher suite mapping: SSL_RSA_WITH_CAMELLIA128_SHA => CAMELLIA128-SHA
[DEBUG] [2023-08-22 18:38:21] CipherSuiteConverter.cacheFromOpenSsl(332) | Cipher suite mapping: TLS_RSA_WITH_IDEA_CBC_SHA => IDEA-CBC-SHA
[DEBUG] [2023-08-22 18:38:21] CipherSuiteConverter.cacheFromOpenSsl(333) | Cipher suite mapping: SSL_RSA_WITH_IDEA_CBC_SHA => IDEA-CBC-SHA
[DEBUG] [2023-08-22 18:38:21] CipherSuiteConverter.cacheFromOpenSsl(332) | Cipher suite mapping: TLS_PSK_WITH_AES_128_CBC_SHA => PSK-AES128-CBC-SHA
[DEBUG] [2023-08-22 18:38:21] CipherSuiteConverter.cacheFromOpenSsl(333) | Cipher suite mapping: SSL_PSK_WITH_AES_128_CBC_SHA => PSK-AES128-CBC-SHA
[DEBUG] [2023-08-22 18:38:21] CipherSuiteConverter.cacheFromOpenSsl(332) | Cipher suite mapping: TLS_ECDHE_RSA_WITH_RC4_128_SHA => ECDHE-RSA-RC4-SHA
[DEBUG] [2023-08-22 18:38:21] CipherSuiteConverter.cacheFromOpenSsl(333) | Cipher suite mapping: SSL_ECDHE_RSA_WITH_RC4_128_SHA => ECDHE-RSA-RC4-SHA
[DEBUG] [2023-08-22 18:38:21] CipherSuiteConverter.cacheFromOpenSsl(332) | Cipher suite mapping: TLS_ECDHE_ECDSA_WITH_RC4_128_SHA => ECDHE-ECDSA-RC4-SHA
[DEBUG] [2023-08-22 18:38:21] CipherSuiteConverter.cacheFromOpenSsl(333) | Cipher suite mapping: SSL_ECDHE_ECDSA_WITH_RC4_128_SHA => ECDHE-ECDSA-RC4-SHA
[DEBUG] [2023-08-22 18:38:21] CipherSuiteConverter.cacheFromOpenSsl(332) | Cipher suite mapping: TLS_ECDH_anon_WITH_RC4_128_SHA => AECDH-RC4-SHA
[DEBUG] [2023-08-22 18:38:21] CipherSuiteConverter.cacheFromOpenSsl(333) | Cipher suite mapping: SSL_ECDH_anon_WITH_RC4_128_SHA => AECDH-RC4-SHA
[DEBUG] [2023-08-22 18:38:21] CipherSuiteConverter.cacheFromOpenSsl(332) | Cipher suite mapping: TLS_DH_anon_WITH_RC4_128_MD5 => ADH-RC4-MD5
[DEBUG] [2023-08-22 18:38:21] CipherSuiteConverter.cacheFromOpenSsl(333) | Cipher suite mapping: SSL_DH_anon_WITH_RC4_128_MD5 => ADH-RC4-MD5
[DEBUG] [2023-08-22 18:38:21] CipherSuiteConverter.cacheFromOpenSsl(332) | Cipher suite mapping: TLS_ECDH_RSA_WITH_RC4_128_SHA => ECDH-RSA-RC4-SHA
[DEBUG] [2023-08-22 18:38:21] CipherSuiteConverter.cacheFromOpenSsl(333) | Cipher suite mapping: SSL_ECDH_RSA_WITH_RC4_128_SHA => ECDH-RSA-RC4-SHA
[DEBUG] [2023-08-22 18:38:21] CipherSuiteConverter.cacheFromOpenSsl(332) | Cipher suite mapping: TLS_ECDH_ECDSA_WITH_RC4_128_SHA => ECDH-ECDSA-RC4-SHA
[DEBUG] [2023-08-22 18:38:21] CipherSuiteConverter.cacheFromOpenSsl(333) | Cipher suite mapping: SSL_ECDH_ECDSA_WITH_RC4_128_SHA => ECDH-ECDSA-RC4-SHA
[DEBUG] [2023-08-22 18:38:21] CipherSuiteConverter.cacheFromOpenSsl(332) | Cipher suite mapping: TLS_RSA_WITH_RC4_128_SHA => RC4-SHA
[DEBUG] [2023-08-22 18:38:21] CipherSuiteConverter.cacheFromOpenSsl(333) | Cipher suite mapping: SSL_RSA_WITH_RC4_128_SHA => RC4-SHA
[DEBUG] [2023-08-22 18:38:21] CipherSuiteConverter.cacheFromOpenSsl(332) | Cipher suite mapping: TLS_RSA_WITH_RC4_128_MD5 => RC4-MD5
[DEBUG] [2023-08-22 18:38:21] CipherSuiteConverter.cacheFromOpenSsl(333) | Cipher suite mapping: SSL_RSA_WITH_RC4_128_MD5 => RC4-MD5
[DEBUG] [2023-08-22 18:38:21] CipherSuiteConverter.cacheFromOpenSsl(332) | Cipher suite mapping: TLS_PSK_WITH_RC4_128_SHA => PSK-RC4-SHA
[DEBUG] [2023-08-22 18:38:21] CipherSuiteConverter.cacheFromOpenSsl(333) | Cipher suite mapping: SSL_PSK_WITH_RC4_128_SHA => PSK-RC4-SHA
[DEBUG] [2023-08-22 18:38:21] CipherSuiteConverter.cacheFromOpenSsl(332) | Cipher suite mapping: TLS_ECDHE_RSA_WITH_3DES_EDE_CBC_SHA => ECDHE-RSA-DES-CBC3-SHA
[DEBUG] [2023-08-22 18:38:21] CipherSuiteConverter.cacheFromOpenSsl(333) | Cipher suite mapping: SSL_ECDHE_RSA_WITH_3DES_EDE_CBC_SHA => ECDHE-RSA-DES-CBC3-SHA
[DEBUG] [2023-08-22 18:38:21] CipherSuiteConverter.cacheFromOpenSsl(332) | Cipher suite mapping: TLS_ECDHE_ECDSA_WITH_3DES_EDE_CBC_SHA => ECDHE-ECDSA-DES-CBC3-SHA
[DEBUG] [2023-08-22 18:38:21] CipherSuiteConverter.cacheFromOpenSsl(333) | Cipher suite mapping: SSL_ECDHE_ECDSA_WITH_3DES_EDE_CBC_SHA => ECDHE-ECDSA-DES-CBC3-SHA
[DEBUG] [2023-08-22 18:38:21] CipherSuiteConverter.cacheFromOpenSsl(332) | Cipher suite mapping: TLS_SRP_DSS_WITH_3DES_EDE_CBC_SHA => SRP-DSS-3DES-EDE-CBC-SHA
[DEBUG] [2023-08-22 18:38:21] CipherSuiteConverter.cacheFromOpenSsl(333) | Cipher suite mapping: SSL_SRP_DSS_WITH_3DES_EDE_CBC_SHA => SRP-DSS-3DES-EDE-CBC-SHA
[DEBUG] [2023-08-22 18:38:21] CipherSuiteConverter.cacheFromOpenSsl(332) | Cipher suite mapping: TLS_SRP_RSA_WITH_3DES_EDE_CBC_SHA => SRP-RSA-3DES-EDE-CBC-SHA
[DEBUG] [2023-08-22 18:38:21] CipherSuiteConverter.cacheFromOpenSsl(333) | Cipher suite mapping: SSL_SRP_RSA_WITH_3DES_EDE_CBC_SHA => SRP-RSA-3DES-EDE-CBC-SHA
[DEBUG] [2023-08-22 18:38:21] CipherSuiteConverter.cacheFromOpenSsl(332) | Cipher suite mapping: TLS_SRP_WITH_3DES_EDE_CBC_SHA => SRP-3DES-EDE-CBC-SHA
[DEBUG] [2023-08-22 18:38:21] CipherSuiteConverter.cacheFromOpenSsl(333) | Cipher suite mapping: SSL_SRP_WITH_3DES_EDE_CBC_SHA => SRP-3DES-EDE-CBC-SHA
[DEBUG] [2023-08-22 18:38:21] CipherSuiteConverter.cacheFromOpenSsl(332) | Cipher suite mapping: TLS_EDH_RSA_WITH_3DES_EDE_CBC_SHA => EDH-RSA-DES-CBC3-SHA
[DEBUG] [2023-08-22 18:38:21] CipherSuiteConverter.cacheFromOpenSsl(333) | Cipher suite mapping: SSL_EDH_RSA_WITH_3DES_EDE_CBC_SHA => EDH-RSA-DES-CBC3-SHA
[DEBUG] [2023-08-22 18:38:21] CipherSuiteConverter.cacheFromOpenSsl(332) | Cipher suite mapping: TLS_EDH_DSS_WITH_3DES_EDE_CBC_SHA => EDH-DSS-DES-CBC3-SHA
[DEBUG] [2023-08-22 18:38:21] CipherSuiteConverter.cacheFromOpenSsl(333) | Cipher suite mapping: SSL_EDH_DSS_WITH_3DES_EDE_CBC_SHA => EDH-DSS-DES-CBC3-SHA
[DEBUG] [2023-08-22 18:38:21] CipherSuiteConverter.cacheFromOpenSsl(332) | Cipher suite mapping: TLS_RSA_WITH_DH_RSA_DES_CBC3_SHA => DH-RSA-DES-CBC3-SHA
[DEBUG] [2023-08-22 18:38:21] CipherSuiteConverter.cacheFromOpenSsl(333) | Cipher suite mapping: SSL_RSA_WITH_DH_RSA_DES_CBC3_SHA => DH-RSA-DES-CBC3-SHA
[DEBUG] [2023-08-22 18:38:21] CipherSuiteConverter.cacheFromOpenSsl(332) | Cipher suite mapping: TLS_RSA_WITH_DH_DSS_DES_CBC3_SHA => DH-DSS-DES-CBC3-SHA
[DEBUG] [2023-08-22 18:38:21] CipherSuiteConverter.cacheFromOpenSsl(333) | Cipher suite mapping: SSL_RSA_WITH_DH_DSS_DES_CBC3_SHA => DH-DSS-DES-CBC3-SHA
[DEBUG] [2023-08-22 18:38:21] CipherSuiteConverter.cacheFromOpenSsl(332) | Cipher suite mapping: TLS_ECDH_anon_WITH_3DES_EDE_CBC_SHA => AECDH-DES-CBC3-SHA
[DEBUG] [2023-08-22 18:38:21] CipherSuiteConverter.cacheFromOpenSsl(333) | Cipher suite mapping: SSL_ECDH_anon_WITH_3DES_EDE_CBC_SHA => AECDH-DES-CBC3-SHA
[DEBUG] [2023-08-22 18:38:21] CipherSuiteConverter.cacheFromOpenSsl(332) | Cipher suite mapping: TLS_DH_anon_WITH_3DES_EDE_CBC_SHA => ADH-DES-CBC3-SHA
[DEBUG] [2023-08-22 18:38:21] CipherSuiteConverter.cacheFromOpenSsl(333) | Cipher suite mapping: SSL_DH_anon_WITH_3DES_EDE_CBC_SHA => ADH-DES-CBC3-SHA
[DEBUG] [2023-08-22 18:38:21] CipherSuiteConverter.cacheFromOpenSsl(332) | Cipher suite mapping: TLS_ECDH_RSA_WITH_3DES_EDE_CBC_SHA => ECDH-RSA-DES-CBC3-SHA
[DEBUG] [2023-08-22 18:38:21] CipherSuiteConverter.cacheFromOpenSsl(333) | Cipher suite mapping: SSL_ECDH_RSA_WITH_3DES_EDE_CBC_SHA => ECDH-RSA-DES-CBC3-SHA
[DEBUG] [2023-08-22 18:38:21] CipherSuiteConverter.cacheFromOpenSsl(332) | Cipher suite mapping: TLS_ECDH_ECDSA_WITH_3DES_EDE_CBC_SHA => ECDH-ECDSA-DES-CBC3-SHA
[DEBUG] [2023-08-22 18:38:21] CipherSuiteConverter.cacheFromOpenSsl(333) | Cipher suite mapping: SSL_ECDH_ECDSA_WITH_3DES_EDE_CBC_SHA => ECDH-ECDSA-DES-CBC3-SHA
[DEBUG] [2023-08-22 18:38:21] CipherSuiteConverter.cacheFromOpenSsl(332) | Cipher suite mapping: TLS_RSA_WITH_3DES_EDE_CBC_SHA => DES-CBC3-SHA
[DEBUG] [2023-08-22 18:38:21] CipherSuiteConverter.cacheFromOpenSsl(333) | Cipher suite mapping: SSL_RSA_WITH_3DES_EDE_CBC_SHA => DES-CBC3-SHA
[DEBUG] [2023-08-22 18:38:21] CipherSuiteConverter.cacheFromOpenSsl(332) | Cipher suite mapping: TLS_PSK_WITH_3DES_EDE_CBC_SHA => PSK-3DES-EDE-CBC-SHA
[DEBUG] [2023-08-22 18:38:21] CipherSuiteConverter.cacheFromOpenSsl(333) | Cipher suite mapping: SSL_PSK_WITH_3DES_EDE_CBC_SHA => PSK-3DES-EDE-CBC-SHA
[DEBUG] [2023-08-22 18:38:21] OpenSsl.<clinit>(437) | Supported protocols (OpenSSL): [SSLv2Hello, TLSv1, TLSv1.1, TLSv1.2] 
[DEBUG] [2023-08-22 18:38:21] OpenSsl.<clinit>(438) | Default cipher suites (OpenSSL): [TLS_ECDHE_ECDSA_WITH_AES_256_GCM_SHA384, TLS_ECDHE_ECDSA_WITH_AES_128_GCM_SHA256, TLS_ECDHE_RSA_WITH_AES_128_GCM_SHA256, TLS_ECDHE_RSA_WITH_AES_256_GCM_SHA384, TLS_ECDHE_RSA_WITH_AES_128_CBC_SHA, TLS_ECDHE_RSA_WITH_AES_256_CBC_SHA, TLS_RSA_WITH_AES_128_GCM_SHA256, TLS_RSA_WITH_AES_128_CBC_SHA, TLS_RSA_WITH_AES_256_CBC_SHA]
[DEBUG] [2023-08-22 18:38:21] ResourceLeakDetectorFactory$DefaultResourceLeakDetectorFactory.newResourceLeakDetector(196) | Loaded default ResourceLeakDetector: io.netty.util.ResourceLeakDetector@79c3f01f
[DEBUG] [2023-08-22 18:38:21] ConnectionManager.startConnect(111) | startConnect to 127.0.0.1:20200
[DEBUG] [2023-08-22 18:38:21] DefaultChannelId.<clinit>(79) | -Dio.netty.processId: 35113 (auto-detected)
[DEBUG] [2023-08-22 18:38:21] DefaultChannelId.<clinit>(101) | -Dio.netty.machineId: 74:4c:a1:ff:fe:a1:3d:49 (auto-detected)
[DEBUG] [2023-08-22 18:38:21] ConnectionManager.startConnect(111) | startConnect to 127.0.0.1:20201
[DEBUG] [2023-08-22 18:38:21] ConnectionManager.startConnect(111) | startConnect to 127.0.0.1:20202
[DEBUG] [2023-08-22 18:38:21] ConnectionManager.startConnect(111) | startConnect to 127.0.0.1:20203
[DEBUG] [2023-08-22 18:38:21] ResourceLeakDetectorFactory$DefaultResourceLeakDetectorFactory.newResourceLeakDetector(196) | Loaded default ResourceLeakDetector: io.netty.util.ResourceLeakDetector@3f8efa5b
[INFO] [2023-08-22 18:38:21] ConnectionManager.checkConnectionResult(402) |  ssl handshake success 127.0.0.1:20200
[INFO] [2023-08-22 18:38:21] ConnectionManager.checkConnectionResult(402) |  ssl handshake success 127.0.0.1:20201
[INFO] [2023-08-22 18:38:21] ConnectionManager.checkConnectionResult(402) |  ssl handshake success 127.0.0.1:20202
[INFO] [2023-08-22 18:38:21] ConnectionManager.checkConnectionResult(402) |  ssl handshake success 127.0.0.1:20203
[DEBUG] [2023-08-22 18:38:21] ConnectionManager.startConnect(146) |  start connect end. 
[DEBUG] [2023-08-22 18:38:21] ConnectionManager.startReconnectSchedule(150) |  start reconnect schedule
[DEBUG] [2023-08-22 18:38:21] SslHandler.setHandshakeSuccess(1831) | [id: 0x83e3d628, L:/127.0.0.1:41416 - R:/127.0.0.1:20201] HANDSHAKEN: protocol:TLSv1.2 cipher suite:TLS_RSA_WITH_AES_128_GCM_SHA256
[DEBUG] [2023-08-22 18:38:21] SslHandler.setHandshakeSuccess(1831) | [id: 0xc9980764, L:/127.0.0.1:44610 - R:/127.0.0.1:20203] HANDSHAKEN: protocol:TLSv1.2 cipher suite:TLS_RSA_WITH_AES_128_GCM_SHA256
[DEBUG] [2023-08-22 18:38:21] SslHandler.setHandshakeSuccess(1831) | [id: 0x52114608, L:/127.0.0.1:57052 - R:/127.0.0.1:20202] HANDSHAKEN: protocol:TLSv1.2 cipher suite:TLS_RSA_WITH_AES_128_GCM_SHA256
[DEBUG] [2023-08-22 18:38:21] SslHandler.setHandshakeSuccess(1831) | [id: 0x4905fb1b, L:/127.0.0.1:38956 - R:/127.0.0.1:20200] HANDSHAKEN: protocol:TLSv1.2 cipher suite:TLS_RSA_WITH_AES_128_GCM_SHA256
[INFO] [2023-08-22 18:38:21] ChannelHandler.userEventTriggered(73) |  handshake success, host: 127.0.0.1, port: 20200, ctx: 994587249
[INFO] [2023-08-22 18:38:21] ChannelHandler.userEventTriggered(73) |  handshake success, host: 127.0.0.1, port: 20203, ctx: 1490144774
[INFO] [2023-08-22 18:38:21] ChannelHandler.userEventTriggered(73) |  handshake success, host: 127.0.0.1, port: 20202, ctx: 1055302078
[INFO] [2023-08-22 18:38:21] ChannelHandler.userEventTriggered(73) |  handshake success, host: 127.0.0.1, port: 20201, ctx: 963855763
[DEBUG] [2023-08-22 18:38:21] ConnectionManager.addConnectionContext(453) | addConnectionContext, endpoint: 127.0.0.1:20202, ctx:ChannelHandlerContext(ChannelHandler#0, [id: 0x52114608, L:/127.0.0.1:57052 - R:/127.0.0.1:20202])
[DEBUG] [2023-08-22 18:38:21] ConnectionManager.addConnectionContext(453) | addConnectionContext, endpoint: 127.0.0.1:20203, ctx:ChannelHandlerContext(ChannelHandler#0, [id: 0xc9980764, L:/127.0.0.1:44610 - R:/127.0.0.1:20203])
[DEBUG] [2023-08-22 18:38:21] ConnectionManager.addConnectionContext(453) | addConnectionContext, endpoint: 127.0.0.1:20200, ctx:ChannelHandlerContext(ChannelHandler#0, [id: 0x4905fb1b, L:/127.0.0.1:38956 - R:/127.0.0.1:20200])
[DEBUG] [2023-08-22 18:38:21] ConnectionManager.addConnectionContext(453) | addConnectionContext, endpoint: 127.0.0.1:20201, ctx:ChannelHandlerContext(ChannelHandler#0, [id: 0x83e3d628, L:/127.0.0.1:41416 - R:/127.0.0.1:20201])
[DEBUG] [2023-08-22 18:38:21] ChannelMsgHandler.onConnect(112) | onConnect in ChannelMsgHandler called, host : 127.0.0.1:20200
[DEBUG] [2023-08-22 18:38:21] ChannelMsgHandler.onConnect(112) | onConnect in ChannelMsgHandler called, host : 127.0.0.1:20203
[DEBUG] [2023-08-22 18:38:21] ChannelMsgHandler.onConnect(112) | onConnect in ChannelMsgHandler called, host : 127.0.0.1:20201
[DEBUG] [2023-08-22 18:38:21] ChannelMsgHandler.onConnect(112) | onConnect in ChannelMsgHandler called, host : 127.0.0.1:20202
[DEBUG] [2023-08-22 18:38:21] ChannelMsgHandler.onMessage(123) | onMessage in ChannelMsgHandler called, host : 127.0.0.1:20201, seq : 06550aa1734041c0ae60c655f5eba2c5, msgType : 18
[DEBUG] [2023-08-22 18:38:21] ChannelMsgHandler.onMessage(123) | onMessage in ChannelMsgHandler called, host : 127.0.0.1:20202, seq : fefc2cad87c948e19fa3ad2ff1b4a471, msgType : 18
[DEBUG] [2023-08-22 18:38:21] ChannelMsgHandler.onMessage(123) | onMessage in ChannelMsgHandler called, host : 127.0.0.1:20203, seq : 8b835b0af7504b8c8cf402ef2906a0c8, msgType : 18
[DEBUG] [2023-08-22 18:38:21] ChannelMsgHandler.onMessage(123) | onMessage in ChannelMsgHandler called, host : 127.0.0.1:20200, seq : cb281ec59ef340598851caa59d683b88, msgType : 18
[INFO] [2023-08-22 18:38:21] ChannelMsgHandler$1.onResponse(225) |  node: ClientVersion{version='2.9.1', supportedVersion='2.9.1', chainId='1', buildTime='20220922 08:57:35', buildType='Linux/g++/Release', gitBranch='HEAD', gitCommitHash='83a87ad749475c0edcc6d5ce2dabd328a36d3bae'}, content: {"id":2,"jsonrpc":"2.0","result":{"Build Time":"20220922 08:57:35","Build Type":"Linux/g++/Release","Chain Id":"1","FISCO-BCOS Version":"2.9.1","Git Branch":"HEAD","Git Commit Hash":"83a87ad749475c0edcc6d5ce2dabd328a36d3bae","Supported Version":"2.9.1"}}

[INFO] [2023-08-22 18:38:21] ChannelMsgHandler$1.onResponse(225) |  node: ClientVersion{version='2.9.1', supportedVersion='2.9.1', chainId='1', buildTime='20220922 08:57:35', buildType='Linux/g++/Release', gitBranch='HEAD', gitCommitHash='83a87ad749475c0edcc6d5ce2dabd328a36d3bae'}, content: {"id":1,"jsonrpc":"2.0","result":{"Build Time":"20220922 08:57:35","Build Type":"Linux/g++/Release","Chain Id":"1","FISCO-BCOS Version":"2.9.1","Git Branch":"HEAD","Git Commit Hash":"83a87ad749475c0edcc6d5ce2dabd328a36d3bae","Supported Version":"2.9.1"}}

[INFO] [2023-08-22 18:38:21] ChannelMsgHandler$1.onResponse(225) |  node: ClientVersion{version='2.9.1', supportedVersion='2.9.1', chainId='1', buildTime='20220922 08:57:35', buildType='Linux/g++/Release', gitBranch='HEAD', gitCommitHash='83a87ad749475c0edcc6d5ce2dabd328a36d3bae'}, content: {"id":0,"jsonrpc":"2.0","result":{"Build Time":"20220922 08:57:35","Build Type":"Linux/g++/Release","Chain Id":"1","FISCO-BCOS Version":"2.9.1","Git Branch":"HEAD","Git Commit Hash":"83a87ad749475c0edcc6d5ce2dabd328a36d3bae","Supported Version":"2.9.1"}}

[INFO] [2023-08-22 18:38:21] ChannelMsgHandler$1.onResponse(225) |  node: ClientVersion{version='2.9.1', supportedVersion='2.9.1', chainId='1', buildTime='20220922 08:57:35', buildType='Linux/g++/Release', gitBranch='HEAD', gitCommitHash='83a87ad749475c0edcc6d5ce2dabd328a36d3bae'}, content: {"id":3,"jsonrpc":"2.0","result":{"Build Time":"20220922 08:57:35","Build Type":"Linux/g++/Release","Chain Id":"1","FISCO-BCOS Version":"2.9.1","Git Branch":"HEAD","Git Commit Hash":"83a87ad749475c0edcc6d5ce2dabd328a36d3bae","Supported Version":"2.9.1"}}

[INFO] [2023-08-22 18:38:21] ChannelMsgHandler$1.onResponse(233) |  support channel handshake node
[INFO] [2023-08-22 18:38:21] ChannelMsgHandler$1.onResponse(233) |  support channel handshake node
[INFO] [2023-08-22 18:38:21] ChannelMsgHandler$1.onResponse(233) |  support channel handshake node
[INFO] [2023-08-22 18:38:21] ChannelMsgHandler$1.onResponse(233) |  support channel handshake node
[DEBUG] [2023-08-22 18:38:21] ChannelMsgHandler.onMessage(123) | onMessage in ChannelMsgHandler called, host : 127.0.0.1:20202, seq : 50c59a07439642cdafcb9b0b97010d28, msgType : 20
[DEBUG] [2023-08-22 18:38:21] ChannelMsgHandler.onMessage(123) | onMessage in ChannelMsgHandler called, host : 127.0.0.1:20200, seq : 32a13e09c3b34b57834ee4d84ca0c645, msgType : 20
[DEBUG] [2023-08-22 18:38:21] ChannelMsgHandler.onMessage(123) | onMessage in ChannelMsgHandler called, host : 127.0.0.1:20201, seq : 67518492e4294385a4508abe7da41bb0, msgType : 20
[DEBUG] [2023-08-22 18:38:21] ChannelMsgHandler.onMessage(123) | onMessage in ChannelMsgHandler called, host : 127.0.0.1:20203, seq : b02e65beff454087bf781156397dd437, msgType : 20
[INFO] [2023-08-22 18:38:21] ChannelMsgHandler$2.onResponse(309) |  channel protocol handshake success, set socket channel protocol, host: 127.0.0.1:20200, channel protocol: ChannelProtocol [protocol=3, nodeVersion=2.9.1, EnumProtocol=VERSION_3]
[INFO] [2023-08-22 18:38:21] ChannelMsgHandler$2.onResponse(309) |  channel protocol handshake success, set socket channel protocol, host: 127.0.0.1:20203, channel protocol: ChannelProtocol [protocol=3, nodeVersion=2.9.1, EnumProtocol=VERSION_3]
[INFO] [2023-08-22 18:38:21] ChannelMsgHandler$2.onResponse(309) |  channel protocol handshake success, set socket channel protocol, host: 127.0.0.1:20202, channel protocol: ChannelProtocol [protocol=3, nodeVersion=2.9.1, EnumProtocol=VERSION_3]
[INFO] [2023-08-22 18:38:21] ChannelMsgHandler$2.onResponse(309) |  channel protocol handshake success, set socket channel protocol, host: 127.0.0.1:20201, channel protocol: ChannelProtocol [protocol=3, nodeVersion=2.9.1, EnumProtocol=VERSION_3]
[INFO] [2023-08-22 18:38:21] ChannelImp.checkConnectionsToStartPeriodTask(126) |  Connect to  nodes: 127.0.0.1:20200, 127.0.0.1:20203, 127.0.0.1:20202, 127.0.0.1:20201, 
[DEBUG] [2023-08-22 18:38:21] ChannelImp.start(92) | ====> Start the channel success
[INFO] [2023-08-22 18:38:21] BcosSDK.<init>(77) | create BcosSDK, start channel success, cryptoType: 0
[DEBUG] [2023-08-22 18:38:21] ThreadPoolService.<init>(37) | Create ThreadPoolService, threadName: channelProcessor, corePoolSize: 16, maxBlockingQueueSize: 102400
[INFO] [2023-08-22 18:38:21] BcosSDK.<init>(87) | create BcosSDK, start channel succ, channelProcessorThreadSize: 16, receiptProcessorThreadSize: 16
[DEBUG] [2023-08-22 18:38:21] ThreadPoolService.<init>(37) | Create ThreadPoolService, threadName: GroupManagerServiceImpl, corePoolSize: 16, maxBlockingQueueSize: 102400
[DEBUG] [2023-08-22 18:38:21] ChannelMsgHandler.onMessage(123) | onMessage in ChannelMsgHandler called, host : 127.0.0.1:20203, seq : c73e908da3734748945f9c3e99a8a068, msgType : 19
[DEBUG] [2023-08-22 18:38:21] ChannelMsgHandler.onMessage(123) | onMessage in ChannelMsgHandler called, host : 127.0.0.1:20201, seq : e0eeb8cf0d80471ba2c0aa4836dc45d6, msgType : 19
[DEBUG] [2023-08-22 18:38:21] ChannelMsgHandler.onMessage(123) | onMessage in ChannelMsgHandler called, host : 127.0.0.1:20202, seq : f5fe2a75afda494e818980e1c22cd350, msgType : 19
[DEBUG] [2023-08-22 18:38:21] ChannelMsgHandler.onMessage(123) | onMessage in ChannelMsgHandler called, host : 127.0.0.1:20200, seq : 355205eac3e0434f83370c80704d9beb, msgType : 19
[INFO] [2023-08-22 18:38:21] GroupManagerServiceImpl.registerBlockNumberNotifyHandler(260) | registerBlockNumberNotifyHandler
[INFO] [2023-08-22 18:38:21] GroupManagerServiceImpl.registerTransactionNotifyHandler(282) | registerTransactionNotifyHandler
[DEBUG] [2023-08-22 18:38:21] ChannelMsgHandler.onMessage(123) | onMessage in ChannelMsgHandler called, host : 127.0.0.1:20200, seq : c0156642ad10447bacc46cf7ec39cbe7, msgType : 18
[DEBUG] [2023-08-22 18:38:21] GroupServiceImpl.<init>(45) | insert group: 1 for peer 127.0.0.1:20200
[DEBUG] [2023-08-22 18:38:21] GroupManagerServiceImpl.getAndUpdateBlockNumberForAllPeers(532) | g: 1, getAndUpdateBlockNumberForAllPeers, group availablePeers:[127.0.0.1:20200]
[DEBUG] [2023-08-22 18:38:21] ChannelMsgHandler.onMessage(123) | onMessage in ChannelMsgHandler called, host : 127.0.0.1:20200, seq : da9cea8538514308b195045a9b40a410, msgType : 18
[DEBUG] [2023-08-22 18:38:21] GroupServiceImpl.updatePeersBlockNumberInfo(104) | updatePeersBlockNumberInfo for 127.0.0.1:20200, updated blockNumber: 776, groupId: 1
[DEBUG] [2023-08-22 18:38:21] GroupServiceImpl.updateLatestBlockNumber(127) | g:1, updateLatestBlockNumber, latestBlockNumber: 776, nodeWithLatestBlockNumber:[127.0.0.1:20200]
[DEBUG] [2023-08-22 18:38:21] GroupManagerServiceImpl.fetchAndUpdateBlockNumberInfo(546) | fetch and update the blockNumber information, groupId: 1, peer:127.0.0.1:20200, blockNumber: 776
[DEBUG] [2023-08-22 18:38:21] ChannelMsgHandler.onMessage(123) | onMessage in ChannelMsgHandler called, host : 127.0.0.1:20203, seq : 14e9e2063bfd4a7a80a7ef704a2c7924, msgType : 18
[DEBUG] [2023-08-22 18:38:21] GroupServiceImpl.insertNode(84) | g:1, insertNode=127.0.0.1:20203, nodeSize=2, blockNumberInfoSize=1
[DEBUG] [2023-08-22 18:38:21] ChannelMsgHandler.onMessage(123) | onMessage in ChannelMsgHandler called, host : 127.0.0.1:20203, seq : 92121d7f743b4dba9f6743787d5caf65, msgType : 18
[DEBUG] [2023-08-22 18:38:21] GroupServiceImpl.updatePeersBlockNumberInfo(104) | updatePeersBlockNumberInfo for 127.0.0.1:20203, updated blockNumber: 776, groupId: 1
[DEBUG] [2023-08-22 18:38:21] GroupServiceImpl.updateLatestBlockNumber(127) | g:1, updateLatestBlockNumber, latestBlockNumber: 776, nodeWithLatestBlockNumber:[127.0.0.1:20200, 127.0.0.1:20203]
[DEBUG] [2023-08-22 18:38:21] GroupManagerServiceImpl.fetchAndUpdateBlockNumberInfo(546) | fetch and update the blockNumber information, groupId: 1, peer:127.0.0.1:20203, blockNumber: 776
[DEBUG] [2023-08-22 18:38:21] ChannelMsgHandler.onMessage(123) | onMessage in ChannelMsgHandler called, host : 127.0.0.1:20202, seq : 9f994d6f444f441c9cbb8e77fd13da26, msgType : 18
[DEBUG] [2023-08-22 18:38:21] GroupServiceImpl.insertNode(84) | g:1, insertNode=127.0.0.1:20202, nodeSize=3, blockNumberInfoSize=2
[DEBUG] [2023-08-22 18:38:21] ChannelMsgHandler.onMessage(123) | onMessage in ChannelMsgHandler called, host : 127.0.0.1:20202, seq : ecc1632e740443f591f25305011632aa, msgType : 18
[DEBUG] [2023-08-22 18:38:21] GroupServiceImpl.updatePeersBlockNumberInfo(104) | updatePeersBlockNumberInfo for 127.0.0.1:20202, updated blockNumber: 776, groupId: 1
[DEBUG] [2023-08-22 18:38:21] GroupServiceImpl.updateLatestBlockNumber(127) | g:1, updateLatestBlockNumber, latestBlockNumber: 776, nodeWithLatestBlockNumber:[127.0.0.1:20200, 127.0.0.1:20203, 127.0.0.1:20202]
[DEBUG] [2023-08-22 18:38:21] GroupManagerServiceImpl.fetchAndUpdateBlockNumberInfo(546) | fetch and update the blockNumber information, groupId: 1, peer:127.0.0.1:20202, blockNumber: 776
[DEBUG] [2023-08-22 18:38:21] ChannelMsgHandler.onMessage(123) | onMessage in ChannelMsgHandler called, host : 127.0.0.1:20201, seq : e93e8abd7e134bd79965e69d5cda4a59, msgType : 18
[DEBUG] [2023-08-22 18:38:21] GroupServiceImpl.insertNode(84) | g:1, insertNode=127.0.0.1:20201, nodeSize=4, blockNumberInfoSize=3
[DEBUG] [2023-08-22 18:38:21] ChannelMsgHandler.onMessage(123) | onMessage in ChannelMsgHandler called, host : 127.0.0.1:20201, seq : 9c7e0da5801d4cec8f474e12b6c637e4, msgType : 18
[DEBUG] [2023-08-22 18:38:21] GroupServiceImpl.updatePeersBlockNumberInfo(104) | updatePeersBlockNumberInfo for 127.0.0.1:20201, updated blockNumber: 776, groupId: 1
[DEBUG] [2023-08-22 18:38:21] GroupServiceImpl.updateLatestBlockNumber(127) | g:1, updateLatestBlockNumber, latestBlockNumber: 776, nodeWithLatestBlockNumber:[127.0.0.1:20200, 127.0.0.1:20203, 127.0.0.1:20202, 127.0.0.1:20201]
[DEBUG] [2023-08-22 18:38:21] GroupManagerServiceImpl.fetchAndUpdateBlockNumberInfo(546) | fetch and update the blockNumber information, groupId: 1, peer:127.0.0.1:20201, blockNumber: 776
[DEBUG] [2023-08-22 18:38:21] ChannelMsgHandler.onMessage(123) | onMessage in ChannelMsgHandler called, host : 127.0.0.1:20200, seq : f2c65139d03f4e3690e6529ad073cbaa, msgType : 18
[DEBUG] [2023-08-22 18:38:21] ChannelMsgHandler.onMessage(123) | onMessage in ChannelMsgHandler called, host : 127.0.0.1:20203, seq : 36f5b069d029497ab10632b2fc24e718, msgType : 18
[DEBUG] [2023-08-22 18:38:21] ChannelMsgHandler.onMessage(123) | onMessage in ChannelMsgHandler called, host : 127.0.0.1:20202, seq : fef87d60ab66469387c6f17f476f5685, msgType : 18
[DEBUG] [2023-08-22 18:38:21] ChannelMsgHandler.onMessage(123) | onMessage in ChannelMsgHandler called, host : 127.0.0.1:20201, seq : c57a01eda59f4a48a031da46f7e6388a, msgType : 18
[DEBUG] [2023-08-22 18:38:21] GroupManagerServiceImpl.start(449) | start GroupManagerService...
[INFO] [2023-08-22 18:38:21] BcosSDK.<init>(98) | create BcosSDK, create groupManagerService success
[DEBUG] [2023-08-22 18:38:21] ChannelMsgHandler.onMessage(123) | onMessage in ChannelMsgHandler called, host : 127.0.0.1:20200, seq : 9a63367d79414c539560c7556005382f, msgType : 18
[DEBUG] [2023-08-22 18:38:21] ChannelMsgHandler.onMessage(123) | onMessage in ChannelMsgHandler called, host : 127.0.0.1:20203, seq : 1a2bbc3f27f24eb28acb3ae5c74a9842, msgType : 18
[DEBUG] [2023-08-22 18:38:21] ChannelMsgHandler.onMessage(123) | onMessage in ChannelMsgHandler called, host : 127.0.0.1:20202, seq : 4d9bf79f6fc240d6a64da496ab259693, msgType : 18
[DEBUG] [2023-08-22 18:38:21] ChannelMsgHandler.onMessage(123) | onMessage in ChannelMsgHandler called, host : 127.0.0.1:20201, seq : 50d827ead74f4989acd83588f806b260, msgType : 18
[DEBUG] [2023-08-22 18:38:21] KeyTool.getMethod(309) | try to get method for EC5Util failed, method name: convertSpec
[DEBUG] [2023-08-22 18:38:21] KeyTool.getMethod(309) | try to get method for EC5Util failed, method name: convertSpec
[DEBUG] [2023-08-22 18:38:21] KeyTool.getMethod(309) | try to get method for EC5Util failed, method name: convertSpec
[DEBUG] [2023-08-22 18:38:21] KeyTool.getMethod(309) | try to get method for EC5Util failed, method name: convertSpec
[DEBUG] [2023-08-22 18:38:21] KeyTool.getMethod(309) | try to get method for EC5Util failed, method name: convertSpec
[DEBUG] [2023-08-22 18:38:21] KeyTool.getMethod(309) | try to get method for EC5Util failed, method name: convertSpec
[DEBUG] [2023-08-22 18:38:21] KeyTool.getMethod(309) | try to get method for EC5Util failed, method name: convertSpec
[DEBUG] [2023-08-22 18:38:21] KeyTool.getMethod(309) | try to get method for EC5Util failed, method name: convertSpec
[DEBUG] [2023-08-22 18:38:21] KeyTool.getMethod(309) | try to get method for EC5Util failed, method name: convertSpec
[DEBUG] [2023-08-22 18:38:21] KeyTool.getMethod(309) | try to get method for EC5Util failed, method name: convertSpec
[DEBUG] [2023-08-22 18:38:21] KeyTool.getMethod(309) | try to get method for EC5Util failed, method name: convertSpec
[DEBUG] [2023-08-22 18:38:21] KeyTool.getMethod(309) | try to get method for EC5Util failed, method name: convertSpec
[DEBUG] [2023-08-22 18:38:21] KeyTool.getMethod(309) | try to get method for EC5Util failed, method name: convertSpec
[DEBUG] [2023-08-22 18:38:21] KeyTool.getMethod(309) | try to get method for EC5Util failed, method name: convertSpec
[DEBUG] [2023-08-22 18:38:22] KeyTool.getMethod(309) | try to get method for EC5Util failed, method name: convertSpec
[DEBUG] [2023-08-22 18:38:22] KeyTool.getMethod(309) | try to get method for EC5Util failed, method name: convertSpec
[DEBUG] [2023-08-22 18:38:22] KeyTool.getMethod(309) | try to get method for EC5Util failed, method name: convertSpec
[DEBUG] [2023-08-22 18:38:22] KeyTool.getMethod(309) | try to get method for EC5Util failed, method name: convertSpec
[DEBUG] [2023-08-22 18:38:22] GroupManagerServiceImpl.setAmop(810) | register blockNotify for 127.0.0.1:20200, groupList: [1]
[DEBUG] [2023-08-22 18:38:22] TopicManager.updateBlockNotify(158) | update block notify, peer: 127.0.0.1:20200, groupInfo: [1]
[DEBUG] [2023-08-22 18:38:22] TopicManager.updateBlockNotify(163) | add block notify, peer: 127.0.0.1:20200, topic: _block_notify_1
[INFO] [2023-08-22 18:38:22] AmopImp.sendSubscribe(216) | update subscribe inform 4 peers
[DEBUG] [2023-08-22 18:38:22] AmopImp.updateSubscribeToPeer(238) | update topics to node, node:127.0.0.1:20200, topics:["_block_notify_1"]
[DEBUG] [2023-08-22 18:38:22] AmopImp.updateSubscribeToPeer(238) | update topics to node, node:127.0.0.1:20203, topics:[]
[DEBUG] [2023-08-22 18:38:22] AmopImp.updateSubscribeToPeer(238) | update topics to node, node:127.0.0.1:20202, topics:[]
[DEBUG] [2023-08-22 18:38:22] AmopImp.updateSubscribeToPeer(238) | update topics to node, node:127.0.0.1:20201, topics:[]
[DEBUG] [2023-08-22 18:38:22] GroupManagerServiceImpl.setAmop(810) | register blockNotify for 127.0.0.1:20203, groupList: [1]
[DEBUG] [2023-08-22 18:38:22] TopicManager.updateBlockNotify(158) | update block notify, peer: 127.0.0.1:20203, groupInfo: [1]
[DEBUG] [2023-08-22 18:38:22] TopicManager.updateBlockNotify(163) | add block notify, peer: 127.0.0.1:20203, topic: _block_notify_1
[INFO] [2023-08-22 18:38:22] AmopImp.sendSubscribe(216) | update subscribe inform 4 peers
[DEBUG] [2023-08-22 18:38:22] AmopImp.updateSubscribeToPeer(238) | update topics to node, node:127.0.0.1:20200, topics:["_block_notify_1"]
[DEBUG] [2023-08-22 18:38:22] AmopImp.updateSubscribeToPeer(238) | update topics to node, node:127.0.0.1:20203, topics:["_block_notify_1"]
[DEBUG] [2023-08-22 18:38:22] AmopImp.updateSubscribeToPeer(238) | update topics to node, node:127.0.0.1:20202, topics:[]
[DEBUG] [2023-08-22 18:38:22] AmopImp.updateSubscribeToPeer(238) | update topics to node, node:127.0.0.1:20201, topics:[]
[DEBUG] [2023-08-22 18:38:22] GroupManagerServiceImpl.setAmop(810) | register blockNotify for 127.0.0.1:20202, groupList: [1]
[DEBUG] [2023-08-22 18:38:22] TopicManager.updateBlockNotify(158) | update block notify, peer: 127.0.0.1:20202, groupInfo: [1]
[DEBUG] [2023-08-22 18:38:22] TopicManager.updateBlockNotify(163) | add block notify, peer: 127.0.0.1:20202, topic: _block_notify_1
[INFO] [2023-08-22 18:38:22] AmopImp.sendSubscribe(216) | update subscribe inform 4 peers
[DEBUG] [2023-08-22 18:38:22] AmopImp.updateSubscribeToPeer(238) | update topics to node, node:127.0.0.1:20200, topics:["_block_notify_1"]
[DEBUG] [2023-08-22 18:38:22] AmopImp.updateSubscribeToPeer(238) | update topics to node, node:127.0.0.1:20203, topics:["_block_notify_1"]
[DEBUG] [2023-08-22 18:38:22] AmopImp.updateSubscribeToPeer(238) | update topics to node, node:127.0.0.1:20202, topics:["_block_notify_1"]
[DEBUG] [2023-08-22 18:38:22] AmopImp.updateSubscribeToPeer(238) | update topics to node, node:127.0.0.1:20201, topics:[]
[DEBUG] [2023-08-22 18:38:22] GroupManagerServiceImpl.setAmop(810) | register blockNotify for 127.0.0.1:20201, groupList: [1]
[DEBUG] [2023-08-22 18:38:22] TopicManager.updateBlockNotify(158) | update block notify, peer: 127.0.0.1:20201, groupInfo: [1]
[DEBUG] [2023-08-22 18:38:22] TopicManager.updateBlockNotify(163) | add block notify, peer: 127.0.0.1:20201, topic: _block_notify_1
[INFO] [2023-08-22 18:38:22] AmopImp.sendSubscribe(216) | update subscribe inform 4 peers
[DEBUG] [2023-08-22 18:38:22] AmopImp.updateSubscribeToPeer(238) | update topics to node, node:127.0.0.1:20200, topics:["_block_notify_1"]
[DEBUG] [2023-08-22 18:38:22] AmopImp.updateSubscribeToPeer(238) | update topics to node, node:127.0.0.1:20203, topics:["_block_notify_1"]
[DEBUG] [2023-08-22 18:38:22] AmopImp.updateSubscribeToPeer(238) | update topics to node, node:127.0.0.1:20202, topics:["_block_notify_1"]
[DEBUG] [2023-08-22 18:38:22] AmopImp.updateSubscribeToPeer(238) | update topics to node, node:127.0.0.1:20201, topics:["_block_notify_1"]
[INFO] [2023-08-22 18:38:22] AmopImp.start(188) | amop module started
[INFO] [2023-08-22 18:38:22] AmopImp.sendSubscribe(216) | update subscribe inform 4 peers
[DEBUG] [2023-08-22 18:38:22] AmopImp.updateSubscribeToPeer(238) | update topics to node, node:127.0.0.1:20200, topics:["_block_notify_1"]
[DEBUG] [2023-08-22 18:38:22] AmopImp.updateSubscribeToPeer(238) | update topics to node, node:127.0.0.1:20203, topics:["_block_notify_1"]
[DEBUG] [2023-08-22 18:38:22] AmopImp.updateSubscribeToPeer(238) | update topics to node, node:127.0.0.1:20202, topics:["_block_notify_1"]
[DEBUG] [2023-08-22 18:38:22] AmopImp.updateSubscribeToPeer(238) | update topics to node, node:127.0.0.1:20201, topics:["_block_notify_1"]
[INFO] [2023-08-22 18:38:22] BcosSDK.<init>(103) | create BcosSDK, create Amop success
[DEBUG] [2023-08-22 18:38:22] ChannelMsgHandler.onMessage(123) | onMessage in ChannelMsgHandler called, host : 127.0.0.1:20200, seq : ff9bb430751b49f58d9355d38dd57ccc, msgType : 18
[DEBUG] [2023-08-22 18:38:22] ChannelMsgHandler.onMessage(123) | onMessage in ChannelMsgHandler called, host : 127.0.0.1:20203, seq : 534d3e74764449f6be4d1dcc8b7d5534, msgType : 18
[DEBUG] [2023-08-22 18:38:22] ChannelMsgHandler.onMessage(123) | onMessage in ChannelMsgHandler called, host : 127.0.0.1:20202, seq : 653277a0732c43b69d01a471bcdeb7e0, msgType : 18
[DEBUG] [2023-08-22 18:38:22] ChannelMsgHandler.onMessage(123) | onMessage in ChannelMsgHandler called, host : 127.0.0.1:20201, seq : 7a19d338afb148c0bf3d934907769537, msgType : 18
[DEBUG] [2023-08-22 18:38:22] ChannelMsgHandler.onMessage(123) | onMessage in ChannelMsgHandler called, host : 127.0.0.1:20200, seq : 6fc55b4fa6f045528a3a82a90f015f63, msgType : 18
[DEBUG] [2023-08-22 18:38:22] ChannelMsgHandler.onMessage(123) | onMessage in ChannelMsgHandler called, host : 127.0.0.1:20203, seq : 146a1381670c42a89b613873495cff4e, msgType : 18
[DEBUG] [2023-08-22 18:38:22] ChannelMsgHandler.onMessage(123) | onMessage in ChannelMsgHandler called, host : 127.0.0.1:20202, seq : 820061c421554f189eeff9e04879ccb1, msgType : 18
[DEBUG] [2023-08-22 18:38:22] ChannelMsgHandler.onMessage(123) | onMessage in ChannelMsgHandler called, host : 127.0.0.1:20201, seq : eaa2fa62bb294e1fb91617c622ff6460, msgType : 18
[DEBUG] [2023-08-22 18:38:22] KeyTool.getMethod(309) | try to get method for EC5Util failed, method name: convertSpec
[DEBUG] [2023-08-22 18:38:22] KeyTool.getMethod(309) | try to get method for EC5Util failed, method name: convertSpec
[DEBUG] [2023-08-22 18:38:22] KeyTool.getMethod(309) | try to get method for EC5Util failed, method name: convertSpec
[DEBUG] [2023-08-22 18:38:22] KeyTool.getMethod(309) | try to get method for EC5Util failed, method name: convertSpec
[DEBUG] [2023-08-22 18:38:22] KeyTool.getMethod(309) | try to get method for EC5Util failed, method name: convertSpec
[DEBUG] [2023-08-22 18:38:22] KeyTool.getMethod(309) | try to get method for EC5Util failed, method name: convertSpec
[DEBUG] [2023-08-22 18:38:22] KeyTool.getMethod(309) | try to get method for EC5Util failed, method name: convertSpec
[DEBUG] [2023-08-22 18:38:22] KeyTool.getMethod(309) | try to get method for EC5Util failed, method name: convertSpec
[INFO] [2023-08-22 18:38:22] Client.build(114) | build client success for group 1, crypto type 0
[INFO] [2023-08-22 18:38:22] BcosSDK.getClient(178) | create client for group 1 success
[DEBUG] [2023-08-22 18:38:22] ChannelMsgHandler.onMessage(123) | onMessage in ChannelMsgHandler called, host : 127.0.0.1:20200, seq : 3086fa7b12a54b1b83584bbc8f98a3eb, msgType : 18
[DEBUG] [2023-08-22 18:38:22] ChannelMsgHandler.onMessage(123) | onMessage in ChannelMsgHandler called, host : 127.0.0.1:20203, seq : 7b32c1df7eb44f1a82de45b594cba9dc, msgType : 18
[DEBUG] [2023-08-22 18:38:22] ChannelMsgHandler.onMessage(123) | onMessage in ChannelMsgHandler called, host : 127.0.0.1:20202, seq : 181e6b3a0a874f28a5d1d7c64eb2a733, msgType : 18
[DEBUG] [2023-08-22 18:38:22] ChannelMsgHandler.onMessage(123) | onMessage in ChannelMsgHandler called, host : 127.0.0.1:20201, seq : 40c5579ae5644f9d974be8c739096cfe, msgType : 18
[DEBUG] [2023-08-22 18:38:22] TransactionProcessorFactory.getChainIdAndGroupId(35) | getNodeVersion before createTransactionManager, binaryVerison: 2.9.1, supportedVersion:2.9.1
[DEBUG] [2023-08-22 18:38:22] TransactionProcessorFactory.getChainIdAndGroupId(49) | createTransactionManager for >=rc2 node, chainId: 1, groupId: 1
[DEBUG] [2023-08-22 18:38:22] TransactionProcessorFactory.getChainIdAndGroupId(35) | getNodeVersion before createTransactionManager, binaryVerison: 2.9.1, supportedVersion:2.9.1
[DEBUG] [2023-08-22 18:38:22] TransactionProcessorFactory.getChainIdAndGroupId(49) | createTransactionManager for >=rc2 node, chainId: 1, groupId: 1
[INFO] [2023-08-22 18:38:22] EventSubscribeImp.resendWaitingFilters(173) | Resend waiting filters, size: 0
[DEBUG] [2023-08-22 18:38:22] ChannelMsgHandler.onMessage(123) | onMessage in ChannelMsgHandler called, host : 127.0.0.1:20203, seq : f2a3733259e4481d8ba1a5bf715479e9, msgType : 18
[DEBUG] [2023-08-22 18:38:22] ChannelMsgHandler.onMessage(123) | onMessage in ChannelMsgHandler called, host : 127.0.0.1:20202, seq : 00000000000000000000000000000000, msgType : 4097
[DEBUG] [2023-08-22 18:38:22] ChannelMsgHandler.onMessage(156) |  call 
[DEBUG] [2023-08-22 18:38:22] ChannelMsgHandler.onMessage(123) | onMessage in ChannelMsgHandler called, host : 127.0.0.1:20200, seq : 00000000000000000000000000000000, msgType : 4097
[DEBUG] [2023-08-22 18:38:22] ChannelMsgHandler.onMessage(156) |  call 
[DEBUG] [2023-08-22 18:38:22] ChannelMsgHandler.onMessage(123) | onMessage in ChannelMsgHandler called, host : 127.0.0.1:20201, seq : 00000000000000000000000000000000, msgType : 4097
[DEBUG] [2023-08-22 18:38:22] ChannelMsgHandler.onMessage(156) |  call 
[DEBUG] [2023-08-22 18:38:22] GroupServiceImpl.updatePeersBlockNumberInfo(104) | updatePeersBlockNumberInfo for 127.0.0.1:20202, updated blockNumber: 777, groupId: 1
[DEBUG] [2023-08-22 18:38:22] GroupServiceImpl.updatePeersBlockNumberInfo(104) | updatePeersBlockNumberInfo for 127.0.0.1:20201, updated blockNumber: 777, groupId: 1
[DEBUG] [2023-08-22 18:38:22] GroupServiceImpl.updatePeersBlockNumberInfo(104) | updatePeersBlockNumberInfo for 127.0.0.1:20200, updated blockNumber: 777, groupId: 1
[DEBUG] [2023-08-22 18:38:22] GroupServiceImpl.updateLatestBlockNumber(127) | g:1, updateLatestBlockNumber, latestBlockNumber: 777, nodeWithLatestBlockNumber:[127.0.0.1:20202, 127.0.0.1:20201]
[DEBUG] [2023-08-22 18:38:22] GroupServiceImpl.updateLatestBlockNumber(127) | g:1, updateLatestBlockNumber, latestBlockNumber: 777, nodeWithLatestBlockNumber:[127.0.0.1:20202]
[DEBUG] [2023-08-22 18:38:22] GroupServiceImpl.updateLatestBlockNumber(127) | g:1, updateLatestBlockNumber, latestBlockNumber: 777, nodeWithLatestBlockNumber:[127.0.0.1:20202, 127.0.0.1:20201, 127.0.0.1:20200]
[DEBUG] [2023-08-22 18:38:22] ChannelMsgHandler.onMessage(123) | onMessage in ChannelMsgHandler called, host : 127.0.0.1:20203, seq : 00000000000000000000000000000000, msgType : 4097
[DEBUG] [2023-08-22 18:38:22] ChannelMsgHandler.onMessage(123) | onMessage in ChannelMsgHandler called, host : 127.0.0.1:20203, seq : f2a3733259e4481d8ba1a5bf715479e9, msgType : 4096
[DEBUG] [2023-08-22 18:38:22] ChannelMsgHandler.onMessage(156) |  call 
[DEBUG] [2023-08-22 18:38:22] GroupServiceImpl.updatePeersBlockNumberInfo(104) | updatePeersBlockNumberInfo for 127.0.0.1:20203, updated blockNumber: 777, groupId: 1
[DEBUG] [2023-08-22 18:38:22] GroupServiceImpl.updateLatestBlockNumber(127) | g:1, updateLatestBlockNumber, latestBlockNumber: 777, nodeWithLatestBlockNumber:[127.0.0.1:20202, 127.0.0.1:20201, 127.0.0.1:20200, 127.0.0.1:20203]
[DEBUG] [2023-08-22 18:38:22] ChannelMsgHandler.onMessage(156) |  call 
[DEBUG] [2023-08-22 18:38:22] ChannelMsgHandler.onMessage(123) | onMessage in ChannelMsgHandler called, host : 127.0.0.1:20203, seq : 0b1d9610f4914ba0a149d03ecf1f826e, msgType : 18
[DEBUG] [2023-08-22 18:38:22] ChannelMsgHandler.onMessage(123) | onMessage in ChannelMsgHandler called, host : 127.0.0.1:20202, seq : 00000000000000000000000000000000, msgType : 4097
[DEBUG] [2023-08-22 18:38:22] ChannelMsgHandler.onMessage(123) | onMessage in ChannelMsgHandler called, host : 127.0.0.1:20201, seq : 00000000000000000000000000000000, msgType : 4097
[DEBUG] [2023-08-22 18:38:22] ChannelMsgHandler.onMessage(123) | onMessage in ChannelMsgHandler called, host : 127.0.0.1:20200, seq : 00000000000000000000000000000000, msgType : 4097
[DEBUG] [2023-08-22 18:38:22] ChannelMsgHandler.onMessage(123) | onMessage in ChannelMsgHandler called, host : 127.0.0.1:20203, seq : 00000000000000000000000000000000, msgType : 4097
[DEBUG] [2023-08-22 18:38:22] ChannelMsgHandler.onMessage(156) |  call 
[DEBUG] [2023-08-22 18:38:22] ChannelMsgHandler.onMessage(156) |  call 
[DEBUG] [2023-08-22 18:38:22] ChannelMsgHandler.onMessage(156) |  call 
[DEBUG] [2023-08-22 18:38:22] GroupServiceImpl.updatePeersBlockNumberInfo(104) | updatePeersBlockNumberInfo for 127.0.0.1:20201, updated blockNumber: 778, groupId: 1
[DEBUG] [2023-08-22 18:38:22] GroupServiceImpl.updatePeersBlockNumberInfo(104) | updatePeersBlockNumberInfo for 127.0.0.1:20202, updated blockNumber: 778, groupId: 1
[DEBUG] [2023-08-22 18:38:22] GroupServiceImpl.updateLatestBlockNumber(127) | g:1, updateLatestBlockNumber, latestBlockNumber: 778, nodeWithLatestBlockNumber:[127.0.0.1:20201]
[DEBUG] [2023-08-22 18:38:22] ChannelMsgHandler.onMessage(156) |  call 
[DEBUG] [2023-08-22 18:38:22] ChannelMsgHandler.onMessage(123) | onMessage in ChannelMsgHandler called, host : 127.0.0.1:20203, seq : 0b1d9610f4914ba0a149d03ecf1f826e, msgType : 4096
[DEBUG] [2023-08-22 18:38:22] GroupServiceImpl.updatePeersBlockNumberInfo(104) | updatePeersBlockNumberInfo for 127.0.0.1:20203, updated blockNumber: 778, groupId: 1
[DEBUG] [2023-08-22 18:38:22] GroupServiceImpl.updatePeersBlockNumberInfo(104) | updatePeersBlockNumberInfo for 127.0.0.1:20200, updated blockNumber: 778, groupId: 1
[DEBUG] [2023-08-22 18:38:22] GroupServiceImpl.updateLatestBlockNumber(127) | g:1, updateLatestBlockNumber, latestBlockNumber: 778, nodeWithLatestBlockNumber:[127.0.0.1:20201, 127.0.0.1:20202]
[DEBUG] [2023-08-22 18:38:22] ChannelMsgHandler.onMessage(156) |  call 
[DEBUG] [2023-08-22 18:38:22] GroupServiceImpl.updateLatestBlockNumber(127) | g:1, updateLatestBlockNumber, latestBlockNumber: 778, nodeWithLatestBlockNumber:[127.0.0.1:20201, 127.0.0.1:20202, 127.0.0.1:20203]
[DEBUG] [2023-08-22 18:38:22] GroupServiceImpl.updateLatestBlockNumber(127) | g:1, updateLatestBlockNumber, latestBlockNumber: 778, nodeWithLatestBlockNumber:[127.0.0.1:20201, 127.0.0.1:20202, 127.0.0.1:20203, 127.0.0.1:20200]
[DEBUG] [2023-08-22 18:38:22] ChannelMsgHandler.onMessage(123) | onMessage in ChannelMsgHandler called, host : 127.0.0.1:20203, seq : 47910bf7c6f7441790f94b90e94b12fe, msgType : 18
[DEBUG] [2023-08-22 18:38:22] ChannelMsgHandler.onMessage(123) | onMessage in ChannelMsgHandler called, host : 127.0.0.1:20202, seq : 63f246da1c1c4ece9e241547770a76fd, msgType : 18
[DEBUG] [2023-08-22 18:38:22] ChannelMsgHandler.onMessage(123) | onMessage in ChannelMsgHandler called, host : 127.0.0.1:20201, seq : b4c0217fc3754ce78d2544f473963ecb, msgType : 18
[DEBUG] [2023-08-22 18:38:22] ChannelMsgHandler.onMessage(123) | onMessage in ChannelMsgHandler called, host : 127.0.0.1:20200, seq : d1ca04de4a4047e981d0db376a1acdef, msgType : 18
